2019-07-23 17:41:03,808 | INFO  | Refreshing org.apache.activemq.xbean.XBeanBrokerFactory$1@f0ef68d: startup date [Tue Jul 23 17:41:03 CST 2019]; root of context hierarchy | org.apache.activemq.xbean.XBeanBrokerFactory$1 | WrapperSimpleAppMain
2019-07-23 17:41:05,178 | INFO  | Using Persistence Adapter: KahaDBPersistenceAdapter[F:\apache-activemq-5.15.9\bin\win64\..\..\data\kahadb] | org.apache.activemq.broker.BrokerService | WrapperSimpleAppMain
2019-07-23 17:41:06,371 | INFO  | PListStore:[F:\apache-activemq-5.15.9\bin\win64\..\..\data\localhost\tmp_storage] started | org.apache.activemq.store.kahadb.plist.PListStoreImpl | WrapperSimpleAppMain
2019-07-23 17:41:06,586 | INFO  | Apache ActiveMQ 5.15.9 (localhost, ID:whisper-PC-60796-1563874866387-0:1) is starting | org.apache.activemq.broker.BrokerService | WrapperSimpleAppMain
2019-07-23 17:41:06,609 | INFO  | Listening for connections at: tcp://whisper-PC:61616?maximumConnections=1000&wireFormat.maxFrameSize=104857600 | org.apache.activemq.transport.TransportServerThreadSupport | WrapperSimpleAppMain
2019-07-23 17:41:06,611 | INFO  | Connector openwire started | org.apache.activemq.broker.TransportConnector | WrapperSimpleAppMain
2019-07-23 17:41:06,616 | INFO  | Listening for connections at: amqp://whisper-PC:5672?maximumConnections=1000&wireFormat.maxFrameSize=104857600 | org.apache.activemq.transport.TransportServerThreadSupport | WrapperSimpleAppMain
2019-07-23 17:41:06,620 | INFO  | Connector amqp started | org.apache.activemq.broker.TransportConnector | WrapperSimpleAppMain
2019-07-23 17:41:06,628 | INFO  | Listening for connections at: stomp://whisper-PC:61613?maximumConnections=1000&wireFormat.maxFrameSize=104857600 | org.apache.activemq.transport.TransportServerThreadSupport | WrapperSimpleAppMain
2019-07-23 17:41:06,630 | INFO  | Connector stomp started | org.apache.activemq.broker.TransportConnector | WrapperSimpleAppMain
2019-07-23 17:41:06,639 | INFO  | Listening for connections at: mqtt://whisper-PC:1883?maximumConnections=1000&wireFormat.maxFrameSize=104857600 | org.apache.activemq.transport.TransportServerThreadSupport | WrapperSimpleAppMain
2019-07-23 17:41:06,642 | INFO  | Connector mqtt started | org.apache.activemq.broker.TransportConnector | WrapperSimpleAppMain
2019-07-23 17:41:06,652 | INFO  | Starting Jetty server | org.apache.activemq.transport.WebTransportServerSupport | WrapperSimpleAppMain
2019-07-23 17:41:06,697 | INFO  | Creating Jetty connector | org.apache.activemq.transport.WebTransportServerSupport | WrapperSimpleAppMain
2019-07-23 17:41:06,779 | WARN  | ServletContext@o.e.j.s.ServletContextHandler@17bc7c8a{/,null,STARTING} has uncovered http methods for path: / | org.eclipse.jetty.security.SecurityHandler | WrapperSimpleAppMain
2019-07-23 17:41:06,845 | INFO  | Listening for connections at ws://whisper-PC:61614?maximumConnections=1000&wireFormat.maxFrameSize=104857600 | org.apache.activemq.transport.ws.WSTransportServer | WrapperSimpleAppMain
2019-07-23 17:41:06,846 | INFO  | Connector ws started | org.apache.activemq.broker.TransportConnector | WrapperSimpleAppMain
2019-07-23 17:41:06,849 | INFO  | Apache ActiveMQ 5.15.9 (localhost, ID:whisper-PC-60796-1563874866387-0:1) started | org.apache.activemq.broker.BrokerService | WrapperSimpleAppMain
2019-07-23 17:41:06,851 | INFO  | For help or more information please see: http://activemq.apache.org | org.apache.activemq.broker.BrokerService | WrapperSimpleAppMain
2019-07-23 17:41:06,855 | WARN  | Store limit is 102400 mb (current store usage is 0 mb). The data directory: F:\apache-activemq-5.15.9\bin\win64\..\..\data\kahadb only has 73586 mb of usable space. - resetting to maximum available disk space: 73586 mb | org.apache.activemq.broker.BrokerService | WrapperSimpleAppMain
2019-07-23 17:41:07,733 | INFO  | No Spring WebApplicationInitializer types detected on classpath | /admin | WrapperSimpleAppMain
2019-07-23 17:41:08,138 | INFO  | ActiveMQ WebConsole available at http://0.0.0.0:8161/ | org.apache.activemq.web.WebConsoleStarter | WrapperSimpleAppMain
2019-07-23 17:41:08,139 | INFO  | ActiveMQ Jolokia REST API available at http://0.0.0.0:8161/api/jolokia/ | org.apache.activemq.web.WebConsoleStarter | WrapperSimpleAppMain
2019-07-23 17:41:08,247 | INFO  | Initializing Spring FrameworkServlet 'dispatcher' | /admin | WrapperSimpleAppMain
2019-07-23 17:41:08,493 | INFO  | No Spring WebApplicationInitializer types detected on classpath | /api | WrapperSimpleAppMain
2019-07-23 17:41:08,790 | INFO  | jolokia-agent: Using policy access restrictor classpath:/jolokia-access.xml | /api | WrapperSimpleAppMain
2019-07-23 17:42:29,290 | INFO  | Refreshing org.apache.activemq.xbean.XBeanBrokerFactory$1@f0ef68d: startup date [Tue Jul 23 17:42:29 CST 2019]; root of context hierarchy | org.apache.activemq.xbean.XBeanBrokerFactory$1 | WrapperSimpleAppMain
2019-07-23 17:42:30,478 | INFO  | Using Persistence Adapter: KahaDBPersistenceAdapter[F:\apache-activemq-5.15.9\bin\win64\..\..\data\kahadb] | org.apache.activemq.broker.BrokerService | WrapperSimpleAppMain
2019-07-23 17:42:30,780 | INFO  | Page File: ..\..\data\kahadb\db.data. Recovering pageFile free list due to prior unclean shutdown.. | org.apache.activemq.store.kahadb.disk.page.PageFile | KahaDB Index Free Page Recovery
2019-07-23 17:42:30,790 | INFO  | Page File: ..\..\data\kahadb\db.data. Recovered pageFile free list of size: 0 | org.apache.activemq.store.kahadb.disk.page.PageFile | KahaDB Index Free Page Recovery
2019-07-23 17:42:30,794 | INFO  | KahaDB is version 6 | org.apache.activemq.store.kahadb.MessageDatabase | WrapperSimpleAppMain
2019-07-23 17:42:30,831 | INFO  | PListStore:[F:\apache-activemq-5.15.9\bin\win64\..\..\data\localhost\tmp_storage] started | org.apache.activemq.store.kahadb.plist.PListStoreImpl | WrapperSimpleAppMain
2019-07-23 17:42:31,042 | INFO  | Apache ActiveMQ 5.15.9 (localhost, ID:whisper-PC-60922-1563874950844-0:1) is starting | org.apache.activemq.broker.BrokerService | WrapperSimpleAppMain
2019-07-23 17:42:31,064 | INFO  | Listening for connections at: tcp://127.0.0.1:61616?maximumConnections=1000&wireFormat.maxFrameSize=104857600 | org.apache.activemq.transport.TransportServerThreadSupport | WrapperSimpleAppMain
2019-07-23 17:42:31,066 | INFO  | Connector openwire started | org.apache.activemq.broker.TransportConnector | WrapperSimpleAppMain
2019-07-23 17:42:31,074 | INFO  | Listening for connections at: amqp://whisper-PC:5672?maximumConnections=1000&wireFormat.maxFrameSize=104857600 | org.apache.activemq.transport.TransportServerThreadSupport | WrapperSimpleAppMain
2019-07-23 17:42:31,078 | INFO  | Connector amqp started | org.apache.activemq.broker.TransportConnector | WrapperSimpleAppMain
2019-07-23 17:42:31,085 | INFO  | Listening for connections at: stomp://whisper-PC:61613?maximumConnections=1000&wireFormat.maxFrameSize=104857600 | org.apache.activemq.transport.TransportServerThreadSupport | WrapperSimpleAppMain
2019-07-23 17:42:31,088 | INFO  | Connector stomp started | org.apache.activemq.broker.TransportConnector | WrapperSimpleAppMain
2019-07-23 17:42:31,095 | INFO  | Listening for connections at: mqtt://whisper-PC:1883?maximumConnections=1000&wireFormat.maxFrameSize=104857600 | org.apache.activemq.transport.TransportServerThreadSupport | WrapperSimpleAppMain
2019-07-23 17:42:31,096 | INFO  | Connector mqtt started | org.apache.activemq.broker.TransportConnector | WrapperSimpleAppMain
2019-07-23 17:42:31,102 | INFO  | Starting Jetty server | org.apache.activemq.transport.WebTransportServerSupport | WrapperSimpleAppMain
2019-07-23 17:42:31,138 | INFO  | Creating Jetty connector | org.apache.activemq.transport.WebTransportServerSupport | WrapperSimpleAppMain
2019-07-23 17:42:31,211 | WARN  | ServletContext@o.e.j.s.ServletContextHandler@701d2ce9{/,null,STARTING} has uncovered http methods for path: / | org.eclipse.jetty.security.SecurityHandler | WrapperSimpleAppMain
2019-07-23 17:42:31,276 | INFO  | Listening for connections at ws://whisper-PC:61614?maximumConnections=1000&wireFormat.maxFrameSize=104857600 | org.apache.activemq.transport.ws.WSTransportServer | WrapperSimpleAppMain
2019-07-23 17:42:31,278 | INFO  | Connector ws started | org.apache.activemq.broker.TransportConnector | WrapperSimpleAppMain
2019-07-23 17:42:31,279 | INFO  | Apache ActiveMQ 5.15.9 (localhost, ID:whisper-PC-60922-1563874950844-0:1) started | org.apache.activemq.broker.BrokerService | WrapperSimpleAppMain
2019-07-23 17:42:31,281 | INFO  | For help or more information please see: http://activemq.apache.org | org.apache.activemq.broker.BrokerService | WrapperSimpleAppMain
2019-07-23 17:42:31,285 | WARN  | Store limit is 102400 mb (current store usage is 0 mb). The data directory: F:\apache-activemq-5.15.9\bin\win64\..\..\data\kahadb only has 73586 mb of usable space. - resetting to maximum available disk space: 73586 mb | org.apache.activemq.broker.BrokerService | WrapperSimpleAppMain
2019-07-23 17:42:32,171 | INFO  | No Spring WebApplicationInitializer types detected on classpath | /admin | WrapperSimpleAppMain
2019-07-23 17:42:32,346 | INFO  | ActiveMQ WebConsole available at http://0.0.0.0:8161/ | org.apache.activemq.web.WebConsoleStarter | WrapperSimpleAppMain
2019-07-23 17:42:32,347 | INFO  | ActiveMQ Jolokia REST API available at http://0.0.0.0:8161/api/jolokia/ | org.apache.activemq.web.WebConsoleStarter | WrapperSimpleAppMain
2019-07-23 17:42:32,428 | INFO  | Initializing Spring FrameworkServlet 'dispatcher' | /admin | WrapperSimpleAppMain
2019-07-23 17:42:32,650 | INFO  | No Spring WebApplicationInitializer types detected on classpath | /api | WrapperSimpleAppMain
2019-07-23 17:42:32,921 | INFO  | jolokia-agent: Using policy access restrictor classpath:/jolokia-access.xml | /api | WrapperSimpleAppMain
2019-07-24 09:05:27,155 | INFO  | Refreshing org.apache.activemq.xbean.XBeanBrokerFactory$1@3af43365: startup date [Wed Jul 24 09:05:27 CST 2019]; root of context hierarchy | org.apache.activemq.xbean.XBeanBrokerFactory$1 | WrapperSimpleAppMain
2019-07-24 09:05:30,010 | INFO  | Using Persistence Adapter: KahaDBPersistenceAdapter[F:\apache-activemq-5.15.9\bin\win64\..\..\data\kahadb] | org.apache.activemq.broker.BrokerService | WrapperSimpleAppMain
2019-07-24 09:05:31,024 | INFO  | Page File: F:\apache-activemq-5.15.9\bin\win64\..\..\data\kahadb\db.data. Recovering pageFile free list due to prior unclean shutdown.. | org.apache.activemq.store.kahadb.disk.page.PageFile | KahaDB Index Free Page Recovery
2019-07-24 09:05:31,086 | INFO  | Page File: F:\apache-activemq-5.15.9\bin\win64\..\..\data\kahadb\db.data. Recovered pageFile free list of size: 0 | org.apache.activemq.store.kahadb.disk.page.PageFile | KahaDB Index Free Page Recovery
2019-07-24 09:05:31,149 | INFO  | KahaDB is version 6 | org.apache.activemq.store.kahadb.MessageDatabase | WrapperSimpleAppMain
2019-07-24 09:05:31,273 | INFO  | PListStore:[F:\apache-activemq-5.15.9\bin\win64\..\..\data\localhost\tmp_storage] started | org.apache.activemq.store.kahadb.plist.PListStoreImpl | WrapperSimpleAppMain
2019-07-24 09:05:31,585 | INFO  | Apache ActiveMQ 5.15.9 (localhost, ID:whisper-PC-49157-1563930331320-0:1) is starting | org.apache.activemq.broker.BrokerService | WrapperSimpleAppMain
2019-07-24 09:05:31,695 | INFO  | Listening for connections at: tcp://127.0.0.1:61616?maximumConnections=1000&wireFormat.maxFrameSize=104857600 | org.apache.activemq.transport.TransportServerThreadSupport | WrapperSimpleAppMain
2019-07-24 09:05:31,695 | INFO  | Connector openwire started | org.apache.activemq.broker.TransportConnector | WrapperSimpleAppMain
2019-07-24 09:05:31,710 | INFO  | Listening for connections at: amqp://whisper-PC:5672?maximumConnections=1000&wireFormat.maxFrameSize=104857600 | org.apache.activemq.transport.TransportServerThreadSupport | WrapperSimpleAppMain
2019-07-24 09:05:31,710 | INFO  | Connector amqp started | org.apache.activemq.broker.TransportConnector | WrapperSimpleAppMain
2019-07-24 09:05:31,710 | INFO  | Listening for connections at: stomp://whisper-PC:61613?maximumConnections=1000&wireFormat.maxFrameSize=104857600 | org.apache.activemq.transport.TransportServerThreadSupport | WrapperSimpleAppMain
2019-07-24 09:05:31,726 | INFO  | Connector stomp started | org.apache.activemq.broker.TransportConnector | WrapperSimpleAppMain
2019-07-24 09:05:31,741 | INFO  | Listening for connections at: mqtt://whisper-PC:1883?maximumConnections=1000&wireFormat.maxFrameSize=104857600 | org.apache.activemq.transport.TransportServerThreadSupport | WrapperSimpleAppMain
2019-07-24 09:05:31,741 | INFO  | Connector mqtt started | org.apache.activemq.broker.TransportConnector | WrapperSimpleAppMain
2019-07-24 09:05:31,788 | INFO  | Starting Jetty server | org.apache.activemq.transport.WebTransportServerSupport | WrapperSimpleAppMain
2019-07-24 09:05:31,913 | INFO  | Creating Jetty connector | org.apache.activemq.transport.WebTransportServerSupport | WrapperSimpleAppMain
2019-07-24 09:05:32,022 | WARN  | ServletContext@o.e.j.s.ServletContextHandler@378a105d{/,null,STARTING} has uncovered http methods for path: / | org.eclipse.jetty.security.SecurityHandler | WrapperSimpleAppMain
2019-07-24 09:05:32,194 | INFO  | Listening for connections at ws://whisper-PC:61614?maximumConnections=1000&wireFormat.maxFrameSize=104857600 | org.apache.activemq.transport.ws.WSTransportServer | WrapperSimpleAppMain
2019-07-24 09:05:32,194 | INFO  | Connector ws started | org.apache.activemq.broker.TransportConnector | WrapperSimpleAppMain
2019-07-24 09:05:32,209 | INFO  | Apache ActiveMQ 5.15.9 (localhost, ID:whisper-PC-49157-1563930331320-0:1) started | org.apache.activemq.broker.BrokerService | WrapperSimpleAppMain
2019-07-24 09:05:32,209 | INFO  | For help or more information please see: http://activemq.apache.org | org.apache.activemq.broker.BrokerService | WrapperSimpleAppMain
2019-07-24 09:05:32,209 | WARN  | Store limit is 102400 mb (current store usage is 0 mb). The data directory: F:\apache-activemq-5.15.9\bin\win64\..\..\data\kahadb only has 73586 mb of usable space. - resetting to maximum available disk space: 73586 mb | org.apache.activemq.broker.BrokerService | WrapperSimpleAppMain
2019-07-24 09:05:34,050 | INFO  | No Spring WebApplicationInitializer types detected on classpath | /admin | WrapperSimpleAppMain
2019-07-24 09:05:34,534 | INFO  | ActiveMQ WebConsole available at http://0.0.0.0:8161/ | org.apache.activemq.web.WebConsoleStarter | WrapperSimpleAppMain
2019-07-24 09:05:34,534 | INFO  | ActiveMQ Jolokia REST API available at http://0.0.0.0:8161/api/jolokia/ | org.apache.activemq.web.WebConsoleStarter | WrapperSimpleAppMain
2019-07-24 09:05:34,737 | INFO  | Initializing Spring FrameworkServlet 'dispatcher' | /admin | WrapperSimpleAppMain
2019-07-24 09:05:35,314 | INFO  | No Spring WebApplicationInitializer types detected on classpath | /api | WrapperSimpleAppMain
2019-07-24 09:05:35,719 | INFO  | jolokia-agent: Using policy access restrictor classpath:/jolokia-access.xml | /api | WrapperSimpleAppMain
2019-07-24 18:01:10,263 | INFO  | Apache ActiveMQ 5.15.9 (localhost, ID:whisper-PC-49157-1563930331320-0:1) is shutting down | org.apache.activemq.broker.BrokerService | ActiveMQ ShutdownHook
2019-07-24 18:01:10,263 | INFO  | Connector openwire stopped | org.apache.activemq.broker.TransportConnector | ActiveMQ ShutdownHook
2019-07-24 18:01:10,263 | INFO  | Connector amqp stopped | org.apache.activemq.broker.TransportConnector | ActiveMQ ShutdownHook
2019-07-24 18:01:10,263 | INFO  | Connector stomp stopped | org.apache.activemq.broker.TransportConnector | ActiveMQ ShutdownHook
2019-07-24 18:01:10,263 | INFO  | Connector mqtt stopped | org.apache.activemq.broker.TransportConnector | ActiveMQ ShutdownHook
2019-07-24 18:01:10,622 | INFO  | Connector ws stopped | org.apache.activemq.broker.TransportConnector | ActiveMQ ShutdownHook
2019-07-24 18:01:10,653 | INFO  | PListStore:[F:\apache-activemq-5.15.9\bin\win64\..\..\data\localhost\tmp_storage] stopped | org.apache.activemq.store.kahadb.plist.PListStoreImpl | ActiveMQ ShutdownHook
2019-07-24 18:01:10,653 | INFO  | Stopping async queue tasks | org.apache.activemq.store.kahadb.KahaDBStore | ActiveMQ ShutdownHook
2019-07-24 18:01:10,668 | INFO  | Stopping async topic tasks | org.apache.activemq.store.kahadb.KahaDBStore | ActiveMQ ShutdownHook
2019-07-24 18:01:10,731 | INFO  | Stopped KahaDB | org.apache.activemq.store.kahadb.KahaDBStore | ActiveMQ ShutdownHook
2019-07-24 18:01:11,402 | INFO  | Apache ActiveMQ 5.15.9 (localhost, ID:whisper-PC-49157-1563930331320-0:1) uptime 8 hours 55 minutes | org.apache.activemq.broker.BrokerService | ActiveMQ ShutdownHook
2019-07-24 18:01:11,402 | INFO  | Apache ActiveMQ 5.15.9 (localhost, ID:whisper-PC-49157-1563930331320-0:1) is shutdown | org.apache.activemq.broker.BrokerService | ActiveMQ ShutdownHook
2019-07-24 18:01:11,402 | INFO  | Closing org.apache.activemq.xbean.XBeanBrokerFactory$1@3af43365: startup date [Wed Jul 24 09:05:27 CST 2019]; root of context hierarchy | org.apache.activemq.xbean.XBeanBrokerFactory$1 | ActiveMQ ShutdownHook
2019-07-24 18:01:11,511 | INFO  | Destroying Spring FrameworkServlet 'dispatcher' | /admin | ActiveMQ ShutdownHook
2019-07-26 09:06:33,347 | INFO  | Refreshing org.apache.activemq.xbean.XBeanBrokerFactory$1@f0ef68d: startup date [Fri Jul 26 09:06:33 CST 2019]; root of context hierarchy | org.apache.activemq.xbean.XBeanBrokerFactory$1 | WrapperSimpleAppMain
2019-07-26 09:06:35,905 | INFO  | Using Persistence Adapter: KahaDBPersistenceAdapter[F:\apache-activemq-5.15.9\bin\win64\..\..\data\kahadb] | org.apache.activemq.broker.BrokerService | WrapperSimpleAppMain
2019-07-26 09:06:36,545 | INFO  | KahaDB is version 6 | org.apache.activemq.store.kahadb.MessageDatabase | WrapperSimpleAppMain
2019-07-26 09:06:36,639 | INFO  | PListStore:[F:\apache-activemq-5.15.9\bin\win64\..\..\data\localhost\tmp_storage] started | org.apache.activemq.store.kahadb.plist.PListStoreImpl | WrapperSimpleAppMain
2019-07-26 09:06:36,935 | INFO  | Apache ActiveMQ 5.15.9 (localhost, ID:whisper-PC-49157-1564103196685-0:1) is starting | org.apache.activemq.broker.BrokerService | WrapperSimpleAppMain
2019-07-26 09:06:36,997 | INFO  | Listening for connections at: tcp://127.0.0.1:61616?maximumConnections=1000&wireFormat.maxFrameSize=104857600 | org.apache.activemq.transport.TransportServerThreadSupport | WrapperSimpleAppMain
2019-07-26 09:06:37,013 | INFO  | Connector openwire started | org.apache.activemq.broker.TransportConnector | WrapperSimpleAppMain
2019-07-26 09:06:37,013 | INFO  | Listening for connections at: amqp://whisper-PC:5672?maximumConnections=1000&wireFormat.maxFrameSize=104857600 | org.apache.activemq.transport.TransportServerThreadSupport | WrapperSimpleAppMain
2019-07-26 09:06:37,013 | INFO  | Connector amqp started | org.apache.activemq.broker.TransportConnector | WrapperSimpleAppMain
2019-07-26 09:06:37,029 | INFO  | Listening for connections at: stomp://whisper-PC:61613?maximumConnections=1000&wireFormat.maxFrameSize=104857600 | org.apache.activemq.transport.TransportServerThreadSupport | WrapperSimpleAppMain
2019-07-26 09:06:37,029 | INFO  | Connector stomp started | org.apache.activemq.broker.TransportConnector | WrapperSimpleAppMain
2019-07-26 09:06:37,029 | INFO  | Listening for connections at: mqtt://whisper-PC:1883?maximumConnections=1000&wireFormat.maxFrameSize=104857600 | org.apache.activemq.transport.TransportServerThreadSupport | WrapperSimpleAppMain
2019-07-26 09:06:37,044 | INFO  | Connector mqtt started | org.apache.activemq.broker.TransportConnector | WrapperSimpleAppMain
2019-07-26 09:06:37,060 | INFO  | Starting Jetty server | org.apache.activemq.transport.WebTransportServerSupport | WrapperSimpleAppMain
2019-07-26 09:06:37,169 | INFO  | Creating Jetty connector | org.apache.activemq.transport.WebTransportServerSupport | WrapperSimpleAppMain
2019-07-26 09:06:37,278 | WARN  | ServletContext@o.e.j.s.ServletContextHandler@129ce623{/,null,STARTING} has uncovered http methods for path: / | org.eclipse.jetty.security.SecurityHandler | WrapperSimpleAppMain
2019-07-26 09:06:37,403 | INFO  | Listening for connections at ws://whisper-PC:61614?maximumConnections=1000&wireFormat.maxFrameSize=104857600 | org.apache.activemq.transport.ws.WSTransportServer | WrapperSimpleAppMain
2019-07-26 09:06:37,403 | INFO  | Connector ws started | org.apache.activemq.broker.TransportConnector | WrapperSimpleAppMain
2019-07-26 09:06:37,403 | INFO  | Apache ActiveMQ 5.15.9 (localhost, ID:whisper-PC-49157-1564103196685-0:1) started | org.apache.activemq.broker.BrokerService | WrapperSimpleAppMain
2019-07-26 09:06:37,403 | INFO  | For help or more information please see: http://activemq.apache.org | org.apache.activemq.broker.BrokerService | WrapperSimpleAppMain
2019-07-26 09:06:37,403 | WARN  | Store limit is 102400 mb (current store usage is 0 mb). The data directory: F:\apache-activemq-5.15.9\bin\win64\..\..\data\kahadb only has 73586 mb of usable space. - resetting to maximum available disk space: 73586 mb | org.apache.activemq.broker.BrokerService | WrapperSimpleAppMain
2019-07-26 09:06:39,135 | INFO  | No Spring WebApplicationInitializer types detected on classpath | /admin | WrapperSimpleAppMain
2019-07-26 09:06:39,400 | INFO  | ActiveMQ WebConsole available at http://0.0.0.0:8161/ | org.apache.activemq.web.WebConsoleStarter | WrapperSimpleAppMain
2019-07-26 09:06:39,400 | INFO  | ActiveMQ Jolokia REST API available at http://0.0.0.0:8161/api/jolokia/ | org.apache.activemq.web.WebConsoleStarter | WrapperSimpleAppMain
2019-07-26 09:06:39,556 | INFO  | Initializing Spring FrameworkServlet 'dispatcher' | /admin | WrapperSimpleAppMain
2019-07-26 09:06:40,024 | INFO  | No Spring WebApplicationInitializer types detected on classpath | /api | WrapperSimpleAppMain
2019-07-26 09:06:40,523 | INFO  | jolokia-agent: Using policy access restrictor classpath:/jolokia-access.xml | /api | WrapperSimpleAppMain
2019-07-26 18:10:40,685 | INFO  | Apache ActiveMQ 5.15.9 (localhost, ID:whisper-PC-49157-1564103196685-0:1) is shutting down | org.apache.activemq.broker.BrokerService | ActiveMQ ShutdownHook
2019-07-26 18:10:40,685 | INFO  | Connector openwire stopped | org.apache.activemq.broker.TransportConnector | ActiveMQ ShutdownHook
2019-07-26 18:10:40,685 | INFO  | Connector amqp stopped | org.apache.activemq.broker.TransportConnector | ActiveMQ ShutdownHook
2019-07-26 18:10:40,685 | INFO  | Connector stomp stopped | org.apache.activemq.broker.TransportConnector | ActiveMQ ShutdownHook
2019-07-26 18:10:40,685 | INFO  | socketQueue interrupted - stopping | org.apache.activemq.transport.tcp.TcpTransportServer | ActiveMQ Transport Server Thread Handler: stomp://0.0.0.0:61613?maximumConnections=1000&wireFormat.maxFrameSize=104857600
2019-07-26 18:10:40,685 | INFO  | Connector mqtt stopped | org.apache.activemq.broker.TransportConnector | ActiveMQ ShutdownHook
2019-07-26 18:10:40,685 | INFO  | Could not accept connection during shutdown  : {} | org.apache.activemq.broker.TransportConnector | ActiveMQ Transport Server Thread Handler: stomp://0.0.0.0:61613?maximumConnections=1000&wireFormat.maxFrameSize=104857600
java.lang.InterruptedException
	at java.util.concurrent.locks.AbstractQueuedSynchronizer$ConditionObject.reportInterruptAfterWait(Unknown Source)[:1.8.0_181]
	at java.util.concurrent.locks.AbstractQueuedSynchronizer$ConditionObject.awaitNanos(Unknown Source)[:1.8.0_181]
	at java.util.concurrent.LinkedBlockingQueue.poll(Unknown Source)[:1.8.0_181]
	at org.apache.activemq.transport.tcp.TcpTransportServer$1.run(TcpTransportServer.java:494)[activemq-client-5.15.9.jar:5.15.9]
	at java.lang.Thread.run(Unknown Source)[:1.8.0_181]
2019-07-26 18:10:41,325 | INFO  | Connector ws stopped | org.apache.activemq.broker.TransportConnector | ActiveMQ ShutdownHook
2019-07-26 18:10:41,403 | INFO  | PListStore:[F:\apache-activemq-5.15.9\bin\win64\..\..\data\localhost\tmp_storage] stopped | org.apache.activemq.store.kahadb.plist.PListStoreImpl | ActiveMQ ShutdownHook
2019-07-26 18:10:41,434 | INFO  | Stopping async queue tasks | org.apache.activemq.store.kahadb.KahaDBStore | ActiveMQ ShutdownHook
2019-07-26 18:10:41,434 | INFO  | Stopping async topic tasks | org.apache.activemq.store.kahadb.KahaDBStore | ActiveMQ ShutdownHook
2019-07-26 18:10:41,465 | INFO  | Stopped KahaDB | org.apache.activemq.store.kahadb.KahaDBStore | ActiveMQ ShutdownHook
2019-07-26 18:10:41,918 | INFO  | Apache ActiveMQ 5.15.9 (localhost, ID:whisper-PC-49157-1564103196685-0:1) uptime 9 hours 4 minutes | org.apache.activemq.broker.BrokerService | ActiveMQ ShutdownHook
2019-07-26 18:10:41,918 | INFO  | Apache ActiveMQ 5.15.9 (localhost, ID:whisper-PC-49157-1564103196685-0:1) is shutdown | org.apache.activemq.broker.BrokerService | ActiveMQ ShutdownHook
2019-07-26 18:10:41,918 | INFO  | Closing org.apache.activemq.xbean.XBeanBrokerFactory$1@f0ef68d: startup date [Fri Jul 26 09:06:33 CST 2019]; root of context hierarchy | org.apache.activemq.xbean.XBeanBrokerFactory$1 | ActiveMQ ShutdownHook
2019-07-26 18:10:42,074 | INFO  | Destroying Spring FrameworkServlet 'dispatcher' | /admin | ActiveMQ ShutdownHook
2019-07-28 09:08:49,988 | INFO  | Refreshing org.apache.activemq.xbean.XBeanBrokerFactory$1@671a4040: startup date [Sun Jul 28 09:08:49 CST 2019]; root of context hierarchy | org.apache.activemq.xbean.XBeanBrokerFactory$1 | WrapperSimpleAppMain
2019-07-28 09:08:52,593 | INFO  | Using Persistence Adapter: KahaDBPersistenceAdapter[F:\apache-activemq-5.15.9\bin\win64\..\..\data\kahadb] | org.apache.activemq.broker.BrokerService | WrapperSimpleAppMain
2019-07-28 09:08:53,389 | INFO  | KahaDB is version 6 | org.apache.activemq.store.kahadb.MessageDatabase | WrapperSimpleAppMain
2019-07-28 09:08:53,483 | INFO  | PListStore:[F:\apache-activemq-5.15.9\bin\win64\..\..\data\localhost\tmp_storage] started | org.apache.activemq.store.kahadb.plist.PListStoreImpl | WrapperSimpleAppMain
2019-07-28 09:08:53,795 | INFO  | Apache ActiveMQ 5.15.9 (localhost, ID:whisper-PC-49157-1564276133529-0:1) is starting | org.apache.activemq.broker.BrokerService | WrapperSimpleAppMain
2019-07-28 09:08:53,873 | INFO  | Listening for connections at: tcp://127.0.0.1:61616?maximumConnections=1000&wireFormat.maxFrameSize=104857600 | org.apache.activemq.transport.TransportServerThreadSupport | WrapperSimpleAppMain
2019-07-28 09:08:53,888 | INFO  | Connector openwire started | org.apache.activemq.broker.TransportConnector | WrapperSimpleAppMain
2019-07-28 09:08:53,888 | INFO  | Listening for connections at: amqp://whisper-PC:5672?maximumConnections=1000&wireFormat.maxFrameSize=104857600 | org.apache.activemq.transport.TransportServerThreadSupport | WrapperSimpleAppMain
2019-07-28 09:08:53,888 | INFO  | Connector amqp started | org.apache.activemq.broker.TransportConnector | WrapperSimpleAppMain
2019-07-28 09:08:53,904 | INFO  | Listening for connections at: stomp://whisper-PC:61613?maximumConnections=1000&wireFormat.maxFrameSize=104857600 | org.apache.activemq.transport.TransportServerThreadSupport | WrapperSimpleAppMain
2019-07-28 09:08:53,904 | INFO  | Connector stomp started | org.apache.activemq.broker.TransportConnector | WrapperSimpleAppMain
2019-07-28 09:08:53,904 | INFO  | Listening for connections at: mqtt://whisper-PC:1883?maximumConnections=1000&wireFormat.maxFrameSize=104857600 | org.apache.activemq.transport.TransportServerThreadSupport | WrapperSimpleAppMain
2019-07-28 09:08:53,904 | INFO  | Connector mqtt started | org.apache.activemq.broker.TransportConnector | WrapperSimpleAppMain
2019-07-28 09:08:53,919 | INFO  | Starting Jetty server | org.apache.activemq.transport.WebTransportServerSupport | WrapperSimpleAppMain
2019-07-28 09:08:54,013 | INFO  | Creating Jetty connector | org.apache.activemq.transport.WebTransportServerSupport | WrapperSimpleAppMain
2019-07-28 09:08:54,122 | WARN  | ServletContext@o.e.j.s.ServletContextHandler@59b1b03{/,null,STARTING} has uncovered http methods for path: / | org.eclipse.jetty.security.SecurityHandler | WrapperSimpleAppMain
2019-07-28 09:08:54,278 | INFO  | Listening for connections at ws://whisper-PC:61614?maximumConnections=1000&wireFormat.maxFrameSize=104857600 | org.apache.activemq.transport.ws.WSTransportServer | WrapperSimpleAppMain
2019-07-28 09:08:54,278 | INFO  | Connector ws started | org.apache.activemq.broker.TransportConnector | WrapperSimpleAppMain
2019-07-28 09:08:54,278 | INFO  | Apache ActiveMQ 5.15.9 (localhost, ID:whisper-PC-49157-1564276133529-0:1) started | org.apache.activemq.broker.BrokerService | WrapperSimpleAppMain
2019-07-28 09:08:54,278 | INFO  | For help or more information please see: http://activemq.apache.org | org.apache.activemq.broker.BrokerService | WrapperSimpleAppMain
2019-07-28 09:08:54,294 | WARN  | Store limit is 102400 mb (current store usage is 0 mb). The data directory: F:\apache-activemq-5.15.9\bin\win64\..\..\data\kahadb only has 73586 mb of usable space. - resetting to maximum available disk space: 73586 mb | org.apache.activemq.broker.BrokerService | WrapperSimpleAppMain
2019-07-28 09:08:55,635 | INFO  | No Spring WebApplicationInitializer types detected on classpath | /admin | WrapperSimpleAppMain
2019-07-28 09:08:56,228 | INFO  | ActiveMQ WebConsole available at http://0.0.0.0:8161/ | org.apache.activemq.web.WebConsoleStarter | WrapperSimpleAppMain
2019-07-28 09:08:56,228 | INFO  | ActiveMQ Jolokia REST API available at http://0.0.0.0:8161/api/jolokia/ | org.apache.activemq.web.WebConsoleStarter | WrapperSimpleAppMain
2019-07-28 09:08:56,369 | INFO  | Initializing Spring FrameworkServlet 'dispatcher' | /admin | WrapperSimpleAppMain
2019-07-28 09:08:57,008 | INFO  | No Spring WebApplicationInitializer types detected on classpath | /api | WrapperSimpleAppMain
2019-07-28 09:08:57,336 | INFO  | jolokia-agent: Using policy access restrictor classpath:/jolokia-access.xml | /api | WrapperSimpleAppMain
2019-07-28 10:25:03,049 | INFO  | Apache ActiveMQ 5.15.9 (localhost, ID:whisper-PC-49157-1564276133529-0:1) is shutting down | org.apache.activemq.broker.BrokerService | ActiveMQ ShutdownHook
2019-07-28 10:25:03,057 | INFO  | Connector openwire stopped | org.apache.activemq.broker.TransportConnector | ActiveMQ ShutdownHook
2019-07-28 10:25:03,062 | INFO  | Connector amqp stopped | org.apache.activemq.broker.TransportConnector | ActiveMQ ShutdownHook
2019-07-28 10:25:03,067 | INFO  | socketQueue interrupted - stopping | org.apache.activemq.transport.tcp.TcpTransportServer | ActiveMQ Transport Server Thread Handler: amqp://0.0.0.0:5672?maximumConnections=1000&wireFormat.maxFrameSize=104857600
2019-07-28 10:25:03,068 | INFO  | Connector stomp stopped | org.apache.activemq.broker.TransportConnector | ActiveMQ ShutdownHook
2019-07-28 10:25:03,072 | INFO  | Could not accept connection during shutdown  : {} | org.apache.activemq.broker.TransportConnector | ActiveMQ Transport Server Thread Handler: amqp://0.0.0.0:5672?maximumConnections=1000&wireFormat.maxFrameSize=104857600
java.lang.InterruptedException
	at java.util.concurrent.locks.AbstractQueuedSynchronizer$ConditionObject.reportInterruptAfterWait(Unknown Source)[:1.8.0_181]
	at java.util.concurrent.locks.AbstractQueuedSynchronizer$ConditionObject.awaitNanos(Unknown Source)[:1.8.0_181]
	at java.util.concurrent.LinkedBlockingQueue.poll(Unknown Source)[:1.8.0_181]
	at org.apache.activemq.transport.tcp.TcpTransportServer$1.run(TcpTransportServer.java:494)[activemq-client-5.15.9.jar:5.15.9]
	at java.lang.Thread.run(Unknown Source)[:1.8.0_181]
2019-07-28 10:25:03,075 | INFO  | Connector mqtt stopped | org.apache.activemq.broker.TransportConnector | ActiveMQ ShutdownHook
2019-07-28 10:25:03,135 | INFO  | Connector ws stopped | org.apache.activemq.broker.TransportConnector | ActiveMQ ShutdownHook
2019-07-28 10:25:03,158 | INFO  | PListStore:[F:\apache-activemq-5.15.9\bin\win64\..\..\data\localhost\tmp_storage] stopped | org.apache.activemq.store.kahadb.plist.PListStoreImpl | ActiveMQ ShutdownHook
2019-07-28 10:25:03,161 | INFO  | Stopping async queue tasks | org.apache.activemq.store.kahadb.KahaDBStore | ActiveMQ ShutdownHook
2019-07-28 10:25:03,163 | INFO  | Stopping async topic tasks | org.apache.activemq.store.kahadb.KahaDBStore | ActiveMQ ShutdownHook
2019-07-28 10:25:03,165 | INFO  | Stopped KahaDB | org.apache.activemq.store.kahadb.KahaDBStore | ActiveMQ ShutdownHook
2019-07-28 10:25:03,302 | INFO  | Apache ActiveMQ 5.15.9 (localhost, ID:whisper-PC-49157-1564276133529-0:1) uptime 1 hour 16 minutes | org.apache.activemq.broker.BrokerService | ActiveMQ ShutdownHook
2019-07-28 10:25:03,304 | INFO  | Apache ActiveMQ 5.15.9 (localhost, ID:whisper-PC-49157-1564276133529-0:1) is shutdown | org.apache.activemq.broker.BrokerService | ActiveMQ ShutdownHook
2019-07-28 10:25:03,307 | INFO  | Closing org.apache.activemq.xbean.XBeanBrokerFactory$1@671a4040: startup date [Sun Jul 28 09:08:49 CST 2019]; root of context hierarchy | org.apache.activemq.xbean.XBeanBrokerFactory$1 | ActiveMQ ShutdownHook
2019-07-28 10:25:03,345 | INFO  | Destroying Spring FrameworkServlet 'dispatcher' | /admin | ActiveMQ ShutdownHook
2019-07-28 10:26:58,908 | INFO  | Refreshing org.apache.activemq.xbean.XBeanBrokerFactory$1@10ad0154: startup date [Sun Jul 28 10:26:58 CST 2019]; root of context hierarchy | org.apache.activemq.xbean.XBeanBrokerFactory$1 | WrapperSimpleAppMain
2019-07-28 10:27:00,224 | INFO  | Using Persistence Adapter: KahaDBPersistenceAdapter[F:\apache-activemq-5.15.9\bin\win64\..\..\data\kahadb] | org.apache.activemq.broker.BrokerService | WrapperSimpleAppMain
2019-07-28 10:27:00,450 | INFO  | KahaDB is version 6 | org.apache.activemq.store.kahadb.MessageDatabase | WrapperSimpleAppMain
2019-07-28 10:27:00,490 | INFO  | Recovering from the journal @1:2998 | org.apache.activemq.store.kahadb.MessageDatabase | WrapperSimpleAppMain
2019-07-28 10:27:00,507 | INFO  | Recovery replayed 101 operations from the journal in 0.034 seconds. | org.apache.activemq.store.kahadb.MessageDatabase | WrapperSimpleAppMain
2019-07-28 10:27:00,532 | INFO  | PListStore:[F:\apache-activemq-5.15.9\bin\win64\..\..\data\localhost\tmp_storage] started | org.apache.activemq.store.kahadb.plist.PListStoreImpl | WrapperSimpleAppMain
2019-07-28 10:27:00,733 | INFO  | Apache ActiveMQ 5.15.9 (localhost, ID:whisper-PC-51815-1564280820592-0:1) is starting | org.apache.activemq.broker.BrokerService | WrapperSimpleAppMain
2019-07-28 10:27:00,820 | INFO  | Listening for connections at: tcp://127.0.0.1:61616?maximumConnections=1000&wireFormat.maxFrameSize=104857600 | org.apache.activemq.transport.TransportServerThreadSupport | WrapperSimpleAppMain
2019-07-28 10:27:00,823 | INFO  | Connector openwire started | org.apache.activemq.broker.TransportConnector | WrapperSimpleAppMain
2019-07-28 10:27:00,831 | INFO  | Listening for connections at: amqp://whisper-PC:5672?maximumConnections=1000&wireFormat.maxFrameSize=104857600 | org.apache.activemq.transport.TransportServerThreadSupport | WrapperSimpleAppMain
2019-07-28 10:27:00,834 | INFO  | Connector amqp started | org.apache.activemq.broker.TransportConnector | WrapperSimpleAppMain
2019-07-28 10:27:00,840 | INFO  | Listening for connections at: stomp://whisper-PC:61613?maximumConnections=1000&wireFormat.maxFrameSize=104857600 | org.apache.activemq.transport.TransportServerThreadSupport | WrapperSimpleAppMain
2019-07-28 10:27:00,844 | INFO  | Connector stomp started | org.apache.activemq.broker.TransportConnector | WrapperSimpleAppMain
2019-07-28 10:27:00,850 | INFO  | Listening for connections at: mqtt://whisper-PC:1883?maximumConnections=1000&wireFormat.maxFrameSize=104857600 | org.apache.activemq.transport.TransportServerThreadSupport | WrapperSimpleAppMain
2019-07-28 10:27:00,851 | INFO  | Connector mqtt started | org.apache.activemq.broker.TransportConnector | WrapperSimpleAppMain
2019-07-28 10:27:00,888 | INFO  | Starting Jetty server | org.apache.activemq.transport.WebTransportServerSupport | WrapperSimpleAppMain
2019-07-28 10:27:01,021 | INFO  | Creating Jetty connector | org.apache.activemq.transport.WebTransportServerSupport | WrapperSimpleAppMain
2019-07-28 10:27:01,146 | WARN  | ServletContext@o.e.j.s.ServletContextHandler@3a422a2b{/,null,STARTING} has uncovered http methods for path: / | org.eclipse.jetty.security.SecurityHandler | WrapperSimpleAppMain
2019-07-28 10:27:01,226 | INFO  | Listening for connections at ws://whisper-PC:61614?maximumConnections=1000&wireFormat.maxFrameSize=104857600 | org.apache.activemq.transport.ws.WSTransportServer | WrapperSimpleAppMain
2019-07-28 10:27:01,227 | INFO  | Connector ws started | org.apache.activemq.broker.TransportConnector | WrapperSimpleAppMain
2019-07-28 10:27:01,229 | INFO  | Apache ActiveMQ 5.15.9 (localhost, ID:whisper-PC-51815-1564280820592-0:1) started | org.apache.activemq.broker.BrokerService | WrapperSimpleAppMain
2019-07-28 10:27:01,230 | INFO  | For help or more information please see: http://activemq.apache.org | org.apache.activemq.broker.BrokerService | WrapperSimpleAppMain
2019-07-28 10:27:01,234 | WARN  | Store limit is 102400 mb (current store usage is 0 mb). The data directory: F:\apache-activemq-5.15.9\bin\win64\..\..\data\kahadb only has 73586 mb of usable space. - resetting to maximum available disk space: 73586 mb | org.apache.activemq.broker.BrokerService | WrapperSimpleAppMain
2019-07-28 10:27:02,073 | INFO  | No Spring WebApplicationInitializer types detected on classpath | /admin | WrapperSimpleAppMain
2019-07-28 10:27:02,385 | INFO  | ActiveMQ WebConsole available at http://0.0.0.0:8161/ | org.apache.activemq.web.WebConsoleStarter | WrapperSimpleAppMain
2019-07-28 10:27:02,386 | INFO  | ActiveMQ Jolokia REST API available at http://0.0.0.0:8161/api/jolokia/ | org.apache.activemq.web.WebConsoleStarter | WrapperSimpleAppMain
2019-07-28 10:27:02,475 | INFO  | Initializing Spring FrameworkServlet 'dispatcher' | /admin | WrapperSimpleAppMain
2019-07-28 10:27:02,777 | INFO  | No Spring WebApplicationInitializer types detected on classpath | /api | WrapperSimpleAppMain
2019-07-28 10:27:03,063 | INFO  | jolokia-agent: Using policy access restrictor classpath:/jolokia-access.xml | /api | WrapperSimpleAppMain
2019-07-28 10:34:57,585 | WARN  | Transport Connection to: tcp://127.0.0.1:52101 failed: java.net.SocketException: Connection reset | org.apache.activemq.broker.TransportConnection.Transport | ActiveMQ Transport: tcp:///127.0.0.1:52101@61616
2019-07-28 10:36:30,510 | WARN  | Transport Connection to: tcp://127.0.0.1:52145 failed: java.net.SocketException: Connection reset | org.apache.activemq.broker.TransportConnection.Transport | ActiveMQ Transport: tcp:///127.0.0.1:52145@61616
2019-07-28 10:37:57,621 | WARN  | Transport Connection to: tcp://127.0.0.1:52190 failed: java.net.SocketException: Connection reset | org.apache.activemq.broker.TransportConnection.Transport | ActiveMQ Transport: tcp:///127.0.0.1:52190@61616
2019-07-28 10:38:43,558 | WARN  | Transport Connection to: tcp://127.0.0.1:52215 failed: java.net.SocketException: Connection reset | org.apache.activemq.broker.TransportConnection.Transport | ActiveMQ Transport: tcp:///127.0.0.1:52215@61616
2019-07-28 10:38:45,426 | WARN  | Transport Connection to: tcp://127.0.0.1:52176 failed: java.net.SocketException: Connection reset | org.apache.activemq.broker.TransportConnection.Transport | ActiveMQ Transport: tcp:///127.0.0.1:52176@61616
2019-07-28 10:41:47,480 | WARN  | Transport Connection to: tcp://127.0.0.1:52276 failed: java.net.SocketException: Connection reset | org.apache.activemq.broker.TransportConnection.Transport | ActiveMQ Transport: tcp:///127.0.0.1:52276@61616
2019-07-28 10:54:32,381 | WARN  | Transport Connection to: tcp://127.0.0.1:52635 failed: java.net.SocketException: Connection reset | org.apache.activemq.broker.TransportConnection.Transport | ActiveMQ Transport: tcp:///127.0.0.1:52635@61616
2019-07-28 10:55:26,899 | WARN  | Transport Connection to: tcp://127.0.0.1:52730 failed: java.net.SocketException: Connection reset | org.apache.activemq.broker.TransportConnection.Transport | ActiveMQ Transport: tcp:///127.0.0.1:52730@61616
2019-07-28 11:43:36,529 | WARN  | Transport Connection to: tcp://127.0.0.1:53733 failed: java.net.SocketException: Connection reset | org.apache.activemq.broker.TransportConnection.Transport | ActiveMQ Transport: tcp:///127.0.0.1:53733@61616
2019-07-28 11:53:05,627 | WARN  | Transport Connection to: tcp://127.0.0.1:53963 failed: java.net.SocketException: Connection reset | org.apache.activemq.broker.TransportConnection.Transport | ActiveMQ Transport: tcp:///127.0.0.1:53963@61616
2019-07-28 11:53:14,389 | WARN  | Transport Connection to: tcp://127.0.0.1:53975 failed: java.net.SocketException: Connection reset | org.apache.activemq.broker.TransportConnection.Transport | ActiveMQ Transport: tcp:///127.0.0.1:53975@61616
2019-07-28 11:56:45,120 | WARN  | Transport Connection to: tcp://127.0.0.1:54049 failed: java.net.SocketException: Connection reset | org.apache.activemq.broker.TransportConnection.Transport | ActiveMQ Transport: tcp:///127.0.0.1:54049@61616
2019-07-28 11:56:47,245 | WARN  | Transport Connection to: tcp://127.0.0.1:54057 failed: java.net.SocketException: Connection reset | org.apache.activemq.broker.TransportConnection.Transport | ActiveMQ Transport: tcp:///127.0.0.1:54057@61616
2019-07-28 12:07:58,826 | WARN  | Transport Connection to: tcp://127.0.0.1:54244 failed: java.net.SocketException: Connection reset | org.apache.activemq.broker.TransportConnection.Transport | ActiveMQ Transport: tcp:///127.0.0.1:54244@61616
2019-07-28 13:10:36,969 | INFO  | Apache ActiveMQ 5.15.9 (localhost, ID:whisper-PC-51815-1564280820592-0:1) is shutting down | org.apache.activemq.broker.BrokerService | Thread-24
2019-07-28 13:10:36,969 | INFO  | Connector openwire stopped | org.apache.activemq.broker.TransportConnector | Thread-24
2019-07-28 13:10:36,969 | INFO  | Connector amqp stopped | org.apache.activemq.broker.TransportConnector | Thread-24
2019-07-28 13:10:36,969 | INFO  | Connector stomp stopped | org.apache.activemq.broker.TransportConnector | Thread-24
2019-07-28 13:10:36,969 | INFO  | Connector mqtt stopped | org.apache.activemq.broker.TransportConnector | Thread-24
2019-07-28 13:10:36,984 | INFO  | Connector ws stopped | org.apache.activemq.broker.TransportConnector | Thread-24
2019-07-28 13:10:37,218 | INFO  | PListStore:[F:\apache-activemq-5.15.9\bin\win64\..\..\data\localhost\tmp_storage] stopped | org.apache.activemq.store.kahadb.plist.PListStoreImpl | Thread-24
2019-07-28 13:10:37,218 | INFO  | Stopping async queue tasks | org.apache.activemq.store.kahadb.KahaDBStore | Thread-24
2019-07-28 13:10:37,218 | INFO  | Stopping async topic tasks | org.apache.activemq.store.kahadb.KahaDBStore | Thread-24
2019-07-28 13:10:37,218 | INFO  | Stopped KahaDB | org.apache.activemq.store.kahadb.KahaDBStore | Thread-24
2019-07-28 13:10:37,546 | INFO  | Apache ActiveMQ 5.15.9 (localhost, ID:whisper-PC-51815-1564280820592-0:1) uptime 2 hours 43 minutes | org.apache.activemq.broker.BrokerService | Thread-24
2019-07-28 13:10:37,546 | INFO  | Apache ActiveMQ 5.15.9 (localhost, ID:whisper-PC-51815-1564280820592-0:1) is shutdown | org.apache.activemq.broker.BrokerService | Thread-24
2019-07-28 13:10:37,546 | INFO  | Closing org.apache.activemq.xbean.XBeanBrokerFactory$1@10ad0154: startup date [Sun Jul 28 10:26:58 CST 2019]; root of context hierarchy | org.apache.activemq.xbean.XBeanBrokerFactory$1 | Thread-24
2019-07-28 13:10:37,561 | INFO  | Destroying Spring FrameworkServlet 'dispatcher' | /admin | Thread-24
2019-08-01 09:48:35,458 | INFO  | Refreshing org.apache.activemq.xbean.XBeanBrokerFactory$1@5d09340: startup date [Thu Aug 01 09:48:35 CST 2019]; root of context hierarchy | org.apache.activemq.xbean.XBeanBrokerFactory$1 | WrapperSimpleAppMain
2019-08-01 09:48:38,235 | INFO  | Using Persistence Adapter: KahaDBPersistenceAdapter[F:\apache-activemq-5.15.9\bin\win64\..\..\data\kahadb] | org.apache.activemq.broker.BrokerService | WrapperSimpleAppMain
2019-08-01 09:48:38,921 | INFO  | KahaDB is version 6 | org.apache.activemq.store.kahadb.MessageDatabase | WrapperSimpleAppMain
2019-08-01 09:48:39,046 | INFO  | PListStore:[F:\apache-activemq-5.15.9\bin\win64\..\..\data\localhost\tmp_storage] started | org.apache.activemq.store.kahadb.plist.PListStoreImpl | WrapperSimpleAppMain
2019-08-01 09:48:39,373 | INFO  | Apache ActiveMQ 5.15.9 (localhost, ID:whisper-PC-49157-1564624119155-0:1) is starting | org.apache.activemq.broker.BrokerService | WrapperSimpleAppMain
2019-08-01 09:48:39,701 | INFO  | Listening for connections at: tcp://127.0.0.1:61616?maximumConnections=1000&wireFormat.maxFrameSize=104857600 | org.apache.activemq.transport.TransportServerThreadSupport | WrapperSimpleAppMain
2019-08-01 09:48:39,701 | INFO  | Connector openwire started | org.apache.activemq.broker.TransportConnector | WrapperSimpleAppMain
2019-08-01 09:48:39,732 | INFO  | Listening for connections at: amqp://whisper-PC:5672?maximumConnections=1000&wireFormat.maxFrameSize=104857600 | org.apache.activemq.transport.TransportServerThreadSupport | WrapperSimpleAppMain
2019-08-01 09:48:39,748 | INFO  | Connector amqp started | org.apache.activemq.broker.TransportConnector | WrapperSimpleAppMain
2019-08-01 09:48:39,748 | INFO  | Listening for connections at: stomp://whisper-PC:61613?maximumConnections=1000&wireFormat.maxFrameSize=104857600 | org.apache.activemq.transport.TransportServerThreadSupport | WrapperSimpleAppMain
2019-08-01 09:48:39,748 | INFO  | Connector stomp started | org.apache.activemq.broker.TransportConnector | WrapperSimpleAppMain
2019-08-01 09:48:39,763 | INFO  | Listening for connections at: mqtt://whisper-PC:1883?maximumConnections=1000&wireFormat.maxFrameSize=104857600 | org.apache.activemq.transport.TransportServerThreadSupport | WrapperSimpleAppMain
2019-08-01 09:48:39,763 | INFO  | Connector mqtt started | org.apache.activemq.broker.TransportConnector | WrapperSimpleAppMain
2019-08-01 09:48:39,826 | INFO  | Starting Jetty server | org.apache.activemq.transport.WebTransportServerSupport | WrapperSimpleAppMain
2019-08-01 09:48:39,966 | INFO  | Creating Jetty connector | org.apache.activemq.transport.WebTransportServerSupport | WrapperSimpleAppMain
2019-08-01 09:48:40,091 | WARN  | ServletContext@o.e.j.s.ServletContextHandler@6d57a34a{/,null,STARTING} has uncovered http methods for path: / | org.eclipse.jetty.security.SecurityHandler | WrapperSimpleAppMain
2019-08-01 09:48:40,278 | INFO  | Listening for connections at ws://whisper-PC:61614?maximumConnections=1000&wireFormat.maxFrameSize=104857600 | org.apache.activemq.transport.ws.WSTransportServer | WrapperSimpleAppMain
2019-08-01 09:48:40,278 | INFO  | Connector ws started | org.apache.activemq.broker.TransportConnector | WrapperSimpleAppMain
2019-08-01 09:48:40,278 | INFO  | Apache ActiveMQ 5.15.9 (localhost, ID:whisper-PC-49157-1564624119155-0:1) started | org.apache.activemq.broker.BrokerService | WrapperSimpleAppMain
2019-08-01 09:48:40,278 | INFO  | For help or more information please see: http://activemq.apache.org | org.apache.activemq.broker.BrokerService | WrapperSimpleAppMain
2019-08-01 09:48:40,325 | WARN  | Store limit is 102400 mb (current store usage is 0 mb). The data directory: F:\apache-activemq-5.15.9\bin\win64\..\..\data\kahadb only has 73586 mb of usable space. - resetting to maximum available disk space: 73586 mb | org.apache.activemq.broker.BrokerService | WrapperSimpleAppMain
2019-08-01 09:48:41,916 | INFO  | No Spring WebApplicationInitializer types detected on classpath | /admin | WrapperSimpleAppMain
2019-08-01 09:48:42,415 | INFO  | ActiveMQ WebConsole available at http://0.0.0.0:8161/ | org.apache.activemq.web.WebConsoleStarter | WrapperSimpleAppMain
2019-08-01 09:48:42,415 | INFO  | ActiveMQ Jolokia REST API available at http://0.0.0.0:8161/api/jolokia/ | org.apache.activemq.web.WebConsoleStarter | WrapperSimpleAppMain
2019-08-01 09:48:42,525 | INFO  | Initializing Spring FrameworkServlet 'dispatcher' | /admin | WrapperSimpleAppMain
2019-08-01 09:48:42,961 | INFO  | No Spring WebApplicationInitializer types detected on classpath | /api | WrapperSimpleAppMain
2019-08-01 09:48:43,305 | INFO  | jolokia-agent: Using policy access restrictor classpath:/jolokia-access.xml | /api | WrapperSimpleAppMain
2019-08-01 09:54:30,871 | INFO  | Apache ActiveMQ 5.15.9 (localhost, ID:whisper-PC-49157-1564624119155-0:1) is shutting down | org.apache.activemq.broker.BrokerService | Thread-25
2019-08-01 09:54:30,871 | INFO  | Connector openwire stopped | org.apache.activemq.broker.TransportConnector | Thread-25
2019-08-01 09:54:30,871 | INFO  | Connector amqp stopped | org.apache.activemq.broker.TransportConnector | Thread-25
2019-08-01 09:54:30,871 | INFO  | Connector stomp stopped | org.apache.activemq.broker.TransportConnector | Thread-25
2019-08-01 09:54:30,871 | INFO  | Connector mqtt stopped | org.apache.activemq.broker.TransportConnector | Thread-25
2019-08-01 09:54:31,105 | INFO  | Connector ws stopped | org.apache.activemq.broker.TransportConnector | Thread-25
2019-08-01 09:54:31,324 | INFO  | PListStore:[F:\apache-activemq-5.15.9\bin\win64\..\..\data\localhost\tmp_storage] stopped | org.apache.activemq.store.kahadb.plist.PListStoreImpl | Thread-25
2019-08-01 09:54:31,324 | INFO  | Stopping async queue tasks | org.apache.activemq.store.kahadb.KahaDBStore | Thread-25
2019-08-01 09:54:31,324 | INFO  | Stopping async topic tasks | org.apache.activemq.store.kahadb.KahaDBStore | Thread-25
2019-08-01 09:54:31,433 | INFO  | Stopped KahaDB | org.apache.activemq.store.kahadb.KahaDBStore | Thread-25
2019-08-01 09:54:32,650 | INFO  | Apache ActiveMQ 5.15.9 (localhost, ID:whisper-PC-49157-1564624119155-0:1) uptime 5 minutes | org.apache.activemq.broker.BrokerService | Thread-25
2019-08-01 09:54:32,650 | INFO  | Apache ActiveMQ 5.15.9 (localhost, ID:whisper-PC-49157-1564624119155-0:1) is shutdown | org.apache.activemq.broker.BrokerService | Thread-25
2019-08-01 09:54:32,650 | INFO  | Closing org.apache.activemq.xbean.XBeanBrokerFactory$1@5d09340: startup date [Thu Aug 01 09:48:35 CST 2019]; root of context hierarchy | org.apache.activemq.xbean.XBeanBrokerFactory$1 | Thread-25
2019-08-01 09:54:33,227 | INFO  | Destroying Spring FrameworkServlet 'dispatcher' | /admin | Thread-25
2019-08-01 10:37:37,269 | INFO  | Refreshing org.apache.activemq.xbean.XBeanBrokerFactory$1@5d09340: startup date [Thu Aug 01 10:37:37 CST 2019]; root of context hierarchy | org.apache.activemq.xbean.XBeanBrokerFactory$1 | WrapperSimpleAppMain
2019-08-01 10:37:39,952 | INFO  | Using Persistence Adapter: KahaDBPersistenceAdapter[F:\apache-activemq-5.15.9\bin\win64\..\..\data\kahadb] | org.apache.activemq.broker.BrokerService | WrapperSimpleAppMain
2019-08-01 10:37:40,763 | INFO  | KahaDB is version 6 | org.apache.activemq.store.kahadb.MessageDatabase | WrapperSimpleAppMain
2019-08-01 10:37:40,904 | INFO  | PListStore:[F:\apache-activemq-5.15.9\bin\win64\..\..\data\localhost\tmp_storage] started | org.apache.activemq.store.kahadb.plist.PListStoreImpl | WrapperSimpleAppMain
2019-08-01 10:37:41,231 | INFO  | Apache ActiveMQ 5.15.9 (localhost, ID:whisper-PC-49157-1564627061013-0:1) is starting | org.apache.activemq.broker.BrokerService | WrapperSimpleAppMain
2019-08-01 10:37:41,606 | INFO  | Listening for connections at: tcp://127.0.0.1:61616?maximumConnections=1000&wireFormat.maxFrameSize=104857600 | org.apache.activemq.transport.TransportServerThreadSupport | WrapperSimpleAppMain
2019-08-01 10:37:41,621 | INFO  | Connector openwire started | org.apache.activemq.broker.TransportConnector | WrapperSimpleAppMain
2019-08-01 10:37:41,637 | INFO  | Listening for connections at: amqp://whisper-PC:5672?maximumConnections=1000&wireFormat.maxFrameSize=104857600 | org.apache.activemq.transport.TransportServerThreadSupport | WrapperSimpleAppMain
2019-08-01 10:37:41,637 | INFO  | Connector amqp started | org.apache.activemq.broker.TransportConnector | WrapperSimpleAppMain
2019-08-01 10:37:41,653 | INFO  | Listening for connections at: stomp://whisper-PC:61613?maximumConnections=1000&wireFormat.maxFrameSize=104857600 | org.apache.activemq.transport.TransportServerThreadSupport | WrapperSimpleAppMain
2019-08-01 10:37:41,653 | INFO  | Connector stomp started | org.apache.activemq.broker.TransportConnector | WrapperSimpleAppMain
2019-08-01 10:37:41,653 | INFO  | Listening for connections at: mqtt://whisper-PC:1883?maximumConnections=1000&wireFormat.maxFrameSize=104857600 | org.apache.activemq.transport.TransportServerThreadSupport | WrapperSimpleAppMain
2019-08-01 10:37:41,653 | INFO  | Connector mqtt started | org.apache.activemq.broker.TransportConnector | WrapperSimpleAppMain
2019-08-01 10:37:41,699 | INFO  | Starting Jetty server | org.apache.activemq.transport.WebTransportServerSupport | WrapperSimpleAppMain
2019-08-01 10:37:41,777 | INFO  | Creating Jetty connector | org.apache.activemq.transport.WebTransportServerSupport | WrapperSimpleAppMain
2019-08-01 10:37:41,887 | WARN  | ServletContext@o.e.j.s.ServletContextHandler@6d57a34a{/,null,STARTING} has uncovered http methods for path: / | org.eclipse.jetty.security.SecurityHandler | WrapperSimpleAppMain
2019-08-01 10:37:42,058 | INFO  | Listening for connections at ws://whisper-PC:61614?maximumConnections=1000&wireFormat.maxFrameSize=104857600 | org.apache.activemq.transport.ws.WSTransportServer | WrapperSimpleAppMain
2019-08-01 10:37:42,074 | INFO  | Connector ws started | org.apache.activemq.broker.TransportConnector | WrapperSimpleAppMain
2019-08-01 10:37:42,074 | INFO  | Apache ActiveMQ 5.15.9 (localhost, ID:whisper-PC-49157-1564627061013-0:1) started | org.apache.activemq.broker.BrokerService | WrapperSimpleAppMain
2019-08-01 10:37:42,105 | INFO  | For help or more information please see: http://activemq.apache.org | org.apache.activemq.broker.BrokerService | WrapperSimpleAppMain
2019-08-01 10:37:42,105 | WARN  | Store limit is 102400 mb (current store usage is 0 mb). The data directory: F:\apache-activemq-5.15.9\bin\win64\..\..\data\kahadb only has 73586 mb of usable space. - resetting to maximum available disk space: 73586 mb | org.apache.activemq.broker.BrokerService | WrapperSimpleAppMain
2019-08-01 10:37:43,618 | INFO  | No Spring WebApplicationInitializer types detected on classpath | /admin | WrapperSimpleAppMain
2019-08-01 10:37:43,977 | INFO  | ActiveMQ WebConsole available at http://0.0.0.0:8161/ | org.apache.activemq.web.WebConsoleStarter | WrapperSimpleAppMain
2019-08-01 10:37:43,977 | INFO  | ActiveMQ Jolokia REST API available at http://0.0.0.0:8161/api/jolokia/ | org.apache.activemq.web.WebConsoleStarter | WrapperSimpleAppMain
2019-08-01 10:37:44,336 | INFO  | Initializing Spring FrameworkServlet 'dispatcher' | /admin | WrapperSimpleAppMain
2019-08-01 10:37:45,256 | INFO  | No Spring WebApplicationInitializer types detected on classpath | /api | WrapperSimpleAppMain
2019-08-01 10:37:45,771 | INFO  | jolokia-agent: Using policy access restrictor classpath:/jolokia-access.xml | /api | WrapperSimpleAppMain
2019-08-01 10:39:54,752 | INFO  | Apache ActiveMQ 5.15.9 (localhost, ID:whisper-PC-49157-1564627061013-0:1) is shutting down | org.apache.activemq.broker.BrokerService | ActiveMQ ShutdownHook
2019-08-01 10:39:54,768 | INFO  | Connector openwire stopped | org.apache.activemq.broker.TransportConnector | ActiveMQ ShutdownHook
2019-08-01 10:39:54,768 | INFO  | Connector amqp stopped | org.apache.activemq.broker.TransportConnector | ActiveMQ ShutdownHook
2019-08-01 10:39:54,768 | INFO  | Connector stomp stopped | org.apache.activemq.broker.TransportConnector | ActiveMQ ShutdownHook
2019-08-01 10:39:54,768 | INFO  | socketQueue interrupted - stopping | org.apache.activemq.transport.tcp.TcpTransportServer | ActiveMQ Transport Server Thread Handler: stomp://0.0.0.0:61613?maximumConnections=1000&wireFormat.maxFrameSize=104857600
2019-08-01 10:39:54,768 | INFO  | socketQueue interrupted - stopping | org.apache.activemq.transport.tcp.TcpTransportServer | ActiveMQ Transport Server Thread Handler: tcp://127.0.0.1:61616?maximumConnections=1000&wireFormat.maxFrameSize=104857600
2019-08-01 10:39:54,768 | INFO  | Could not accept connection during shutdown  : {} | org.apache.activemq.broker.TransportConnector | ActiveMQ Transport Server Thread Handler: tcp://127.0.0.1:61616?maximumConnections=1000&wireFormat.maxFrameSize=104857600
java.lang.InterruptedException
	at java.util.concurrent.locks.AbstractQueuedSynchronizer$ConditionObject.reportInterruptAfterWait(Unknown Source)[:1.8.0_181]
	at java.util.concurrent.locks.AbstractQueuedSynchronizer$ConditionObject.awaitNanos(Unknown Source)[:1.8.0_181]
	at java.util.concurrent.LinkedBlockingQueue.poll(Unknown Source)[:1.8.0_181]
	at org.apache.activemq.transport.tcp.TcpTransportServer$1.run(TcpTransportServer.java:494)[activemq-client-5.15.9.jar:5.15.9]
	at java.lang.Thread.run(Unknown Source)[:1.8.0_181]
2019-08-01 10:39:54,768 | INFO  | Could not accept connection during shutdown  : {} | org.apache.activemq.broker.TransportConnector | ActiveMQ Transport Server Thread Handler: stomp://0.0.0.0:61613?maximumConnections=1000&wireFormat.maxFrameSize=104857600
java.lang.InterruptedException
	at java.util.concurrent.locks.AbstractQueuedSynchronizer$ConditionObject.reportInterruptAfterWait(Unknown Source)[:1.8.0_181]
	at java.util.concurrent.locks.AbstractQueuedSynchronizer$ConditionObject.awaitNanos(Unknown Source)[:1.8.0_181]
	at java.util.concurrent.LinkedBlockingQueue.poll(Unknown Source)[:1.8.0_181]
	at org.apache.activemq.transport.tcp.TcpTransportServer$1.run(TcpTransportServer.java:494)[activemq-client-5.15.9.jar:5.15.9]
	at java.lang.Thread.run(Unknown Source)[:1.8.0_181]
2019-08-01 10:39:54,768 | INFO  | Connector mqtt stopped | org.apache.activemq.broker.TransportConnector | ActiveMQ ShutdownHook
2019-08-01 10:39:54,814 | INFO  | Connector ws stopped | org.apache.activemq.broker.TransportConnector | ActiveMQ ShutdownHook
2019-08-01 10:39:54,830 | INFO  | PListStore:[F:\apache-activemq-5.15.9\bin\win64\..\..\data\localhost\tmp_storage] stopped | org.apache.activemq.store.kahadb.plist.PListStoreImpl | ActiveMQ ShutdownHook
2019-08-01 10:39:54,830 | INFO  | Stopping async queue tasks | org.apache.activemq.store.kahadb.KahaDBStore | ActiveMQ ShutdownHook
2019-08-01 10:39:54,830 | INFO  | Stopping async topic tasks | org.apache.activemq.store.kahadb.KahaDBStore | ActiveMQ ShutdownHook
2019-08-01 10:39:54,830 | INFO  | Stopped KahaDB | org.apache.activemq.store.kahadb.KahaDBStore | ActiveMQ ShutdownHook
2019-08-01 10:39:54,986 | INFO  | Apache ActiveMQ 5.15.9 (localhost, ID:whisper-PC-49157-1564627061013-0:1) uptime 2 minutes | org.apache.activemq.broker.BrokerService | ActiveMQ ShutdownHook
2019-08-01 10:39:54,986 | INFO  | Apache ActiveMQ 5.15.9 (localhost, ID:whisper-PC-49157-1564627061013-0:1) is shutdown | org.apache.activemq.broker.BrokerService | ActiveMQ ShutdownHook
2019-08-01 10:39:54,986 | INFO  | Closing org.apache.activemq.xbean.XBeanBrokerFactory$1@5d09340: startup date [Thu Aug 01 10:37:37 CST 2019]; root of context hierarchy | org.apache.activemq.xbean.XBeanBrokerFactory$1 | ActiveMQ ShutdownHook
2019-08-01 10:39:55,033 | INFO  | Destroying Spring FrameworkServlet 'dispatcher' | /admin | ActiveMQ ShutdownHook
2019-08-01 14:18:42,116 | INFO  | Refreshing org.apache.activemq.xbean.XBeanBrokerFactory$1@671a4040: startup date [Thu Aug 01 14:18:42 CST 2019]; root of context hierarchy | org.apache.activemq.xbean.XBeanBrokerFactory$1 | WrapperSimpleAppMain
2019-08-01 14:18:44,581 | INFO  | Using Persistence Adapter: KahaDBPersistenceAdapter[F:\apache-activemq-5.15.9\bin\win64\..\..\data\kahadb] | org.apache.activemq.broker.BrokerService | WrapperSimpleAppMain
2019-08-01 14:18:45,236 | INFO  | KahaDB is version 6 | org.apache.activemq.store.kahadb.MessageDatabase | WrapperSimpleAppMain
2019-08-01 14:18:45,377 | INFO  | PListStore:[F:\apache-activemq-5.15.9\bin\win64\..\..\data\localhost\tmp_storage] started | org.apache.activemq.store.kahadb.plist.PListStoreImpl | WrapperSimpleAppMain
2019-08-01 14:18:45,673 | INFO  | Apache ActiveMQ 5.15.9 (localhost, ID:whisper-PC-49157-1564640325470-0:1) is starting | org.apache.activemq.broker.BrokerService | WrapperSimpleAppMain
2019-08-01 14:18:45,969 | INFO  | Listening for connections at: tcp://127.0.0.1:61616?maximumConnections=1000&wireFormat.maxFrameSize=104857600 | org.apache.activemq.transport.TransportServerThreadSupport | WrapperSimpleAppMain
2019-08-01 14:18:45,969 | INFO  | Connector openwire started | org.apache.activemq.broker.TransportConnector | WrapperSimpleAppMain
2019-08-01 14:18:46,001 | INFO  | Listening for connections at: amqp://whisper-PC:5672?maximumConnections=1000&wireFormat.maxFrameSize=104857600 | org.apache.activemq.transport.TransportServerThreadSupport | WrapperSimpleAppMain
2019-08-01 14:18:46,001 | INFO  | Connector amqp started | org.apache.activemq.broker.TransportConnector | WrapperSimpleAppMain
2019-08-01 14:18:46,001 | INFO  | Listening for connections at: stomp://whisper-PC:61613?maximumConnections=1000&wireFormat.maxFrameSize=104857600 | org.apache.activemq.transport.TransportServerThreadSupport | WrapperSimpleAppMain
2019-08-01 14:18:46,016 | INFO  | Connector stomp started | org.apache.activemq.broker.TransportConnector | WrapperSimpleAppMain
2019-08-01 14:18:46,016 | INFO  | Listening for connections at: mqtt://whisper-PC:1883?maximumConnections=1000&wireFormat.maxFrameSize=104857600 | org.apache.activemq.transport.TransportServerThreadSupport | WrapperSimpleAppMain
2019-08-01 14:18:46,016 | INFO  | Connector mqtt started | org.apache.activemq.broker.TransportConnector | WrapperSimpleAppMain
2019-08-01 14:18:46,047 | INFO  | Starting Jetty server | org.apache.activemq.transport.WebTransportServerSupport | WrapperSimpleAppMain
2019-08-01 14:18:46,125 | INFO  | Creating Jetty connector | org.apache.activemq.transport.WebTransportServerSupport | WrapperSimpleAppMain
2019-08-01 14:18:46,219 | WARN  | ServletContext@o.e.j.s.ServletContextHandler@5247da51{/,null,STARTING} has uncovered http methods for path: / | org.eclipse.jetty.security.SecurityHandler | WrapperSimpleAppMain
2019-08-01 14:18:46,359 | INFO  | Listening for connections at ws://whisper-PC:61614?maximumConnections=1000&wireFormat.maxFrameSize=104857600 | org.apache.activemq.transport.ws.WSTransportServer | WrapperSimpleAppMain
2019-08-01 14:18:46,359 | INFO  | Connector ws started | org.apache.activemq.broker.TransportConnector | WrapperSimpleAppMain
2019-08-01 14:18:46,359 | INFO  | Apache ActiveMQ 5.15.9 (localhost, ID:whisper-PC-49157-1564640325470-0:1) started | org.apache.activemq.broker.BrokerService | WrapperSimpleAppMain
2019-08-01 14:18:46,375 | INFO  | For help or more information please see: http://activemq.apache.org | org.apache.activemq.broker.BrokerService | WrapperSimpleAppMain
2019-08-01 14:18:46,375 | WARN  | Store limit is 102400 mb (current store usage is 0 mb). The data directory: F:\apache-activemq-5.15.9\bin\win64\..\..\data\kahadb only has 73586 mb of usable space. - resetting to maximum available disk space: 73586 mb | org.apache.activemq.broker.BrokerService | WrapperSimpleAppMain
2019-08-01 14:18:47,888 | INFO  | No Spring WebApplicationInitializer types detected on classpath | /admin | WrapperSimpleAppMain
2019-08-01 14:18:48,216 | INFO  | ActiveMQ WebConsole available at http://0.0.0.0:8161/ | org.apache.activemq.web.WebConsoleStarter | WrapperSimpleAppMain
2019-08-01 14:18:48,216 | INFO  | ActiveMQ Jolokia REST API available at http://0.0.0.0:8161/api/jolokia/ | org.apache.activemq.web.WebConsoleStarter | WrapperSimpleAppMain
2019-08-01 14:18:48,325 | INFO  | Initializing Spring FrameworkServlet 'dispatcher' | /admin | WrapperSimpleAppMain
2019-08-01 14:18:48,918 | INFO  | No Spring WebApplicationInitializer types detected on classpath | /api | WrapperSimpleAppMain
2019-08-01 14:18:49,261 | INFO  | jolokia-agent: Using policy access restrictor classpath:/jolokia-access.xml | /api | WrapperSimpleAppMain
2019-08-01 14:46:11,342 | WARN  | Transport Connection to: tcp://127.0.0.1:50010 failed: java.net.SocketException: Connection reset | org.apache.activemq.broker.TransportConnection.Transport | ActiveMQ Transport: tcp:///127.0.0.1:50010@61616
2019-08-01 14:46:18,354 | WARN  |  | org.eclipse.jetty.servlet.ServletHandler | qtp1609514788-57
org.springframework.web.util.NestedServletException: Request processing failed; nested exception is java.lang.UnsupportedOperationException: Possible CSRF attack
	at org.springframework.web.servlet.FrameworkServlet.processRequest(FrameworkServlet.java:982)[spring-webmvc-4.3.18.RELEASE.jar:4.3.18.RELEASE]
	at org.springframework.web.servlet.FrameworkServlet.doGet(FrameworkServlet.java:861)[spring-webmvc-4.3.18.RELEASE.jar:4.3.18.RELEASE]
	at javax.servlet.http.HttpServlet.service(HttpServlet.java:622)[tomcat-servlet-api-8.0.53.jar:]
	at org.springframework.web.servlet.FrameworkServlet.service(FrameworkServlet.java:846)[spring-webmvc-4.3.18.RELEASE.jar:4.3.18.RELEASE]
	at javax.servlet.http.HttpServlet.service(HttpServlet.java:729)[tomcat-servlet-api-8.0.53.jar:]
	at org.eclipse.jetty.servlet.ServletHolder.handle(ServletHolder.java:812)[jetty-all-9.2.26.v20180806.jar:9.2.26.v20180806]
	at org.eclipse.jetty.servlet.ServletHandler$CachedChain.doFilter(ServletHandler.java:1669)[jetty-all-9.2.26.v20180806.jar:9.2.26.v20180806]
	at org.apache.activemq.web.AuditFilter.doFilter(AuditFilter.java:59)[activemq-web-5.15.9.jar:5.15.9]
	at org.eclipse.jetty.servlet.ServletHandler$CachedChain.doFilter(ServletHandler.java:1652)[jetty-all-9.2.26.v20180806.jar:9.2.26.v20180806]
	at org.springframework.web.filter.RequestContextFilter.doFilterInternal(RequestContextFilter.java:99)[spring-web-4.3.18.RELEASE.jar:4.3.18.RELEASE]
	at org.springframework.web.filter.OncePerRequestFilter.doFilter(OncePerRequestFilter.java:107)[spring-web-4.3.18.RELEASE.jar:4.3.18.RELEASE]
	at org.eclipse.jetty.servlet.ServletHandler$CachedChain.doFilter(ServletHandler.java:1652)[jetty-all-9.2.26.v20180806.jar:9.2.26.v20180806]
	at org.apache.activemq.web.filter.ApplicationContextFilter.doFilter(ApplicationContextFilter.java:102)[file:/F:/apache-activemq-5.15.9/webapps/admin/WEB-INF/classes/:]
	at org.eclipse.jetty.servlet.ServletHandler$CachedChain.doFilter(ServletHandler.java:1652)[jetty-all-9.2.26.v20180806.jar:9.2.26.v20180806]
	at org.eclipse.jetty.servlet.ServletHandler.doHandle(ServletHandler.java:585)[jetty-all-9.2.26.v20180806.jar:9.2.26.v20180806]
	at org.eclipse.jetty.server.handler.ScopedHandler.handle(ScopedHandler.java:143)[jetty-all-9.2.26.v20180806.jar:9.2.26.v20180806]
	at org.eclipse.jetty.security.SecurityHandler.handle(SecurityHandler.java:542)[jetty-all-9.2.26.v20180806.jar:9.2.26.v20180806]
	at org.eclipse.jetty.server.session.SessionHandler.doHandle(SessionHandler.java:223)[jetty-all-9.2.26.v20180806.jar:9.2.26.v20180806]
	at org.eclipse.jetty.server.handler.ContextHandler.doHandle(ContextHandler.java:1127)[jetty-all-9.2.26.v20180806.jar:9.2.26.v20180806]
	at org.eclipse.jetty.servlet.ServletHandler.doScope(ServletHandler.java:515)[jetty-all-9.2.26.v20180806.jar:9.2.26.v20180806]
	at org.eclipse.jetty.server.session.SessionHandler.doScope(SessionHandler.java:185)[jetty-all-9.2.26.v20180806.jar:9.2.26.v20180806]
	at org.eclipse.jetty.server.handler.ContextHandler.doScope(ContextHandler.java:1061)[jetty-all-9.2.26.v20180806.jar:9.2.26.v20180806]
	at org.eclipse.jetty.server.handler.ScopedHandler.handle(ScopedHandler.java:141)[jetty-all-9.2.26.v20180806.jar:9.2.26.v20180806]
	at org.eclipse.jetty.server.handler.HandlerCollection.handle(HandlerCollection.java:110)[jetty-all-9.2.26.v20180806.jar:9.2.26.v20180806]
	at org.eclipse.jetty.security.SecurityHandler.handle(SecurityHandler.java:542)[jetty-all-9.2.26.v20180806.jar:9.2.26.v20180806]
	at org.eclipse.jetty.server.handler.HandlerCollection.handle(HandlerCollection.java:110)[jetty-all-9.2.26.v20180806.jar:9.2.26.v20180806]
	at org.eclipse.jetty.server.handler.HandlerWrapper.handle(HandlerWrapper.java:97)[jetty-all-9.2.26.v20180806.jar:9.2.26.v20180806]
	at org.eclipse.jetty.server.Server.handle(Server.java:499)[jetty-all-9.2.26.v20180806.jar:9.2.26.v20180806]
	at org.eclipse.jetty.server.HttpChannel.handle(HttpChannel.java:311)[jetty-all-9.2.26.v20180806.jar:9.2.26.v20180806]
	at org.eclipse.jetty.server.HttpConnection.onFillable(HttpConnection.java:258)[jetty-all-9.2.26.v20180806.jar:9.2.26.v20180806]
	at org.eclipse.jetty.io.AbstractConnection$2.run(AbstractConnection.java:544)[jetty-all-9.2.26.v20180806.jar:9.2.26.v20180806]
	at org.eclipse.jetty.util.thread.QueuedThreadPool.runJob(QueuedThreadPool.java:635)[jetty-all-9.2.26.v20180806.jar:9.2.26.v20180806]
	at org.eclipse.jetty.util.thread.QueuedThreadPool$3.run(QueuedThreadPool.java:555)[jetty-all-9.2.26.v20180806.jar:9.2.26.v20180806]
	at java.lang.Thread.run(Unknown Source)[:1.8.0_181]
2019-08-01 14:48:49,145 | WARN  | Transport Connection to: tcp://127.0.0.1:50115 failed: java.net.SocketException: Connection reset | org.apache.activemq.broker.TransportConnection.Transport | ActiveMQ Transport: tcp:///127.0.0.1:50115@61616
2019-08-01 14:48:51,575 | WARN  | Transport Connection to: tcp://127.0.0.1:50110 failed: java.net.SocketException: Connection reset | org.apache.activemq.broker.TransportConnection.Transport | ActiveMQ Transport: tcp:///127.0.0.1:50110@61616
2019-08-01 15:32:34,323 | WARN  | Transport Connection to: tcp://127.0.0.1:50964 failed: java.net.SocketException: Connection reset | org.apache.activemq.broker.TransportConnection.Transport | ActiveMQ Transport: tcp:///127.0.0.1:50964@61616
2019-08-01 15:34:03,815 | WARN  | Transport Connection to: tcp://127.0.0.1:50994 failed: java.net.SocketException: Connection reset | org.apache.activemq.broker.TransportConnection.Transport | ActiveMQ Transport: tcp:///127.0.0.1:50994@61616
2019-08-01 15:37:37,032 | WARN  | Transport Connection to: tcp://127.0.0.1:51018 failed: java.net.SocketException: Connection reset | org.apache.activemq.broker.TransportConnection.Transport | ActiveMQ Transport: tcp:///127.0.0.1:51018@61616
2019-08-01 15:42:03,210 | WARN  | Transport Connection to: tcp://127.0.0.1:50975 failed: java.net.SocketException: Connection reset | org.apache.activemq.broker.TransportConnection.Transport | ActiveMQ Transport: tcp:///127.0.0.1:50975@61616
2019-08-01 15:43:47,081 | WARN  | Transport Connection to: tcp://127.0.0.1:51298 failed: java.net.SocketException: Connection reset | org.apache.activemq.broker.TransportConnection.Transport | ActiveMQ Transport: tcp:///127.0.0.1:51298@61616
2019-08-01 15:43:49,117 | WARN  | Transport Connection to: tcp://127.0.0.1:51263 failed: java.net.SocketException: Connection reset | org.apache.activemq.broker.TransportConnection.Transport | ActiveMQ Transport: tcp:///127.0.0.1:51263@61616
2019-08-01 16:12:16,153 | INFO  | Apache ActiveMQ 5.15.9 (localhost, ID:whisper-PC-49157-1564640325470-0:1) is shutting down | org.apache.activemq.broker.BrokerService | Thread-25
2019-08-01 16:12:16,159 | INFO  | Connector openwire stopped | org.apache.activemq.broker.TransportConnector | Thread-25
2019-08-01 16:12:16,164 | INFO  | socketQueue interrupted - stopping | org.apache.activemq.transport.tcp.TcpTransportServer | ActiveMQ Transport Server Thread Handler: tcp://127.0.0.1:61616?maximumConnections=1000&wireFormat.maxFrameSize=104857600
2019-08-01 16:12:16,168 | INFO  | Connector amqp stopped | org.apache.activemq.broker.TransportConnector | Thread-25
2019-08-01 16:12:16,172 | INFO  | Could not accept connection during shutdown  : {} | org.apache.activemq.broker.TransportConnector | ActiveMQ Transport Server Thread Handler: tcp://127.0.0.1:61616?maximumConnections=1000&wireFormat.maxFrameSize=104857600
java.lang.InterruptedException
	at java.util.concurrent.locks.AbstractQueuedSynchronizer$ConditionObject.reportInterruptAfterWait(Unknown Source)[:1.8.0_181]
	at java.util.concurrent.locks.AbstractQueuedSynchronizer$ConditionObject.awaitNanos(Unknown Source)[:1.8.0_181]
	at java.util.concurrent.LinkedBlockingQueue.poll(Unknown Source)[:1.8.0_181]
	at org.apache.activemq.transport.tcp.TcpTransportServer$1.run(TcpTransportServer.java:494)[activemq-client-5.15.9.jar:5.15.9]
	at java.lang.Thread.run(Unknown Source)[:1.8.0_181]
2019-08-01 16:12:16,174 | INFO  | socketQueue interrupted - stopping | org.apache.activemq.transport.tcp.TcpTransportServer | ActiveMQ Transport Server Thread Handler: stomp://0.0.0.0:61613?maximumConnections=1000&wireFormat.maxFrameSize=104857600
2019-08-01 16:12:16,176 | INFO  | Could not accept connection during shutdown  : {} | org.apache.activemq.broker.TransportConnector | ActiveMQ Transport Server Thread Handler: stomp://0.0.0.0:61613?maximumConnections=1000&wireFormat.maxFrameSize=104857600
java.lang.InterruptedException
	at java.util.concurrent.locks.AbstractQueuedSynchronizer$ConditionObject.reportInterruptAfterWait(Unknown Source)[:1.8.0_181]
	at java.util.concurrent.locks.AbstractQueuedSynchronizer$ConditionObject.awaitNanos(Unknown Source)[:1.8.0_181]
	at java.util.concurrent.LinkedBlockingQueue.poll(Unknown Source)[:1.8.0_181]
	at org.apache.activemq.transport.tcp.TcpTransportServer$1.run(TcpTransportServer.java:494)[activemq-client-5.15.9.jar:5.15.9]
	at java.lang.Thread.run(Unknown Source)[:1.8.0_181]
2019-08-01 16:12:16,174 | INFO  | Connector stomp stopped | org.apache.activemq.broker.TransportConnector | Thread-25
2019-08-01 16:12:16,179 | INFO  | Connector mqtt stopped | org.apache.activemq.broker.TransportConnector | Thread-25
2019-08-01 16:12:16,234 | INFO  | Connector ws stopped | org.apache.activemq.broker.TransportConnector | Thread-25
2019-08-01 16:12:16,245 | INFO  | PListStore:[F:\apache-activemq-5.15.9\bin\win64\..\..\data\localhost\tmp_storage] stopped | org.apache.activemq.store.kahadb.plist.PListStoreImpl | Thread-25
2019-08-01 16:12:16,246 | INFO  | Stopping async queue tasks | org.apache.activemq.store.kahadb.KahaDBStore | Thread-25
2019-08-01 16:12:16,248 | INFO  | Stopping async topic tasks | org.apache.activemq.store.kahadb.KahaDBStore | Thread-25
2019-08-01 16:12:16,249 | INFO  | Stopped KahaDB | org.apache.activemq.store.kahadb.KahaDBStore | Thread-25
2019-08-01 16:12:16,447 | INFO  | Apache ActiveMQ 5.15.9 (localhost, ID:whisper-PC-49157-1564640325470-0:1) uptime 1 hour 53 minutes | org.apache.activemq.broker.BrokerService | Thread-25
2019-08-01 16:12:16,449 | INFO  | Apache ActiveMQ 5.15.9 (localhost, ID:whisper-PC-49157-1564640325470-0:1) is shutdown | org.apache.activemq.broker.BrokerService | Thread-25
2019-08-01 16:12:16,451 | INFO  | Closing org.apache.activemq.xbean.XBeanBrokerFactory$1@671a4040: startup date [Thu Aug 01 14:18:42 CST 2019]; root of context hierarchy | org.apache.activemq.xbean.XBeanBrokerFactory$1 | Thread-25
2019-08-01 16:12:16,499 | INFO  | Destroying Spring FrameworkServlet 'dispatcher' | /admin | Thread-25
2019-08-01 16:40:06,792 | INFO  | Refreshing org.apache.activemq.xbean.XBeanBrokerFactory$1@671a4040: startup date [Thu Aug 01 16:40:06 CST 2019]; root of context hierarchy | org.apache.activemq.xbean.XBeanBrokerFactory$1 | WrapperSimpleAppMain
2019-08-01 16:40:08,551 | INFO  | Using Persistence Adapter: KahaDBPersistenceAdapter[F:\activemqjq\kahadb] | org.apache.activemq.broker.BrokerService | WrapperSimpleAppMain
2019-08-01 16:40:08,577 | INFO  | Database F:\activemqjq\kahadb\lock is locked by another server. This broker is now in slave mode waiting a lock to be acquired | org.apache.activemq.store.SharedFileLocker | WrapperSimpleAppMain
2019-08-01 16:45:14,186 | INFO  | Refreshing org.apache.activemq.xbean.XBeanBrokerFactory$1@671a4040: startup date [Thu Aug 01 16:45:14 CST 2019]; root of context hierarchy | org.apache.activemq.xbean.XBeanBrokerFactory$1 | WrapperSimpleAppMain
2019-08-01 16:45:15,737 | INFO  | Using Persistence Adapter: KahaDBPersistenceAdapter[F:\activemqjq\kahadb] | org.apache.activemq.broker.BrokerService | WrapperSimpleAppMain
2019-08-01 16:45:15,760 | INFO  | Database F:\activemqjq\kahadb\lock is locked by another server. This broker is now in slave mode waiting a lock to be acquired | org.apache.activemq.store.SharedFileLocker | WrapperSimpleAppMain
2019-08-01 17:12:41,558 | INFO  | Refreshing org.apache.activemq.xbean.XBeanBrokerFactory$1@671a4040: startup date [Thu Aug 01 17:12:41 CST 2019]; root of context hierarchy | org.apache.activemq.xbean.XBeanBrokerFactory$1 | WrapperSimpleAppMain
2019-08-01 17:12:43,000 | INFO  | Using Persistence Adapter: KahaDBPersistenceAdapter[F:\activemqjq\kahadb] | org.apache.activemq.broker.BrokerService | WrapperSimpleAppMain
2019-08-01 17:12:43,018 | INFO  | Database F:\activemqjq\kahadb\lock is locked by another server. This broker is now in slave mode waiting a lock to be acquired | org.apache.activemq.store.SharedFileLocker | WrapperSimpleAppMain
2019-08-01 17:16:42,723 | INFO  | Refreshing org.apache.activemq.xbean.XBeanBrokerFactory$1@10ad0154: startup date [Thu Aug 01 17:16:42 CST 2019]; root of context hierarchy | org.apache.activemq.xbean.XBeanBrokerFactory$1 | WrapperSimpleAppMain
2019-08-01 17:16:44,058 | INFO  | Using Persistence Adapter: KahaDBPersistenceAdapter[F:\activemqjq\kahadb] | org.apache.activemq.broker.BrokerService | WrapperSimpleAppMain
2019-08-01 17:16:44,076 | INFO  | Database F:\activemqjq\kahadb\lock is locked by another server. This broker is now in slave mode waiting a lock to be acquired | org.apache.activemq.store.SharedFileLocker | WrapperSimpleAppMain
2019-08-01 17:23:36,648 | INFO  | Refreshing org.apache.activemq.xbean.XBeanBrokerFactory$1@5d09340: startup date [Thu Aug 01 17:23:36 CST 2019]; root of context hierarchy | org.apache.activemq.xbean.XBeanBrokerFactory$1 | WrapperSimpleAppMain
2019-08-01 17:23:38,033 | INFO  | Using Persistence Adapter: KahaDBPersistenceAdapter[F:\activemqjq\kahadb] | org.apache.activemq.broker.BrokerService | WrapperSimpleAppMain
2019-08-01 17:23:38,233 | INFO  | Page File: F:\activemqjq\kahadb\db.data. Recovering pageFile free list due to prior unclean shutdown.. | org.apache.activemq.store.kahadb.disk.page.PageFile | KahaDB Index Free Page Recovery
2019-08-01 17:23:38,239 | INFO  | Page File: F:\activemqjq\kahadb\db.data. Recovered pageFile free list of size: 5 | org.apache.activemq.store.kahadb.disk.page.PageFile | KahaDB Index Free Page Recovery
2019-08-01 17:23:38,242 | INFO  | KahaDB is version 6 | org.apache.activemq.store.kahadb.MessageDatabase | WrapperSimpleAppMain
2019-08-01 17:23:38,336 | INFO  | PListStore:[F:\activemqjq\apache-activemq-5.15.9-c\bin\win64\..\..\data\localhost\tmp_storage] started | org.apache.activemq.store.kahadb.plist.PListStoreImpl | WrapperSimpleAppMain
2019-08-01 17:23:38,541 | INFO  | Apache ActiveMQ 5.15.9 (localhost, ID:whisper-PC-53970-1564651418409-0:1) is starting | org.apache.activemq.broker.BrokerService | WrapperSimpleAppMain
2019-08-01 17:23:38,641 | INFO  | Listening for connections at: tcp://whisper-PC:61618?maximumConnections=1000&wireFormat.maxFrameSize=104857600 | org.apache.activemq.transport.TransportServerThreadSupport | WrapperSimpleAppMain
2019-08-01 17:23:38,645 | INFO  | Connector openwire started | org.apache.activemq.broker.TransportConnector | WrapperSimpleAppMain
2019-08-01 17:23:38,648 | INFO  | Establishing network connection from vm://localhost to tcp://127.0.0.1:61618 | org.apache.activemq.network.DiscoveryNetworkConnector | WrapperSimpleAppMain
2019-08-01 17:23:38,753 | INFO  | Connector vm://localhost started | org.apache.activemq.broker.TransportConnector | WrapperSimpleAppMain
2019-08-01 17:23:38,783 | INFO  | Network Connector DiscoveryNetworkConnector:network_a:BrokerService[localhost] started | org.apache.activemq.network.NetworkConnector | WrapperSimpleAppMain
2019-08-01 17:23:38,785 | INFO  | Apache ActiveMQ 5.15.9 (localhost, ID:whisper-PC-53970-1564651418409-0:1) started | org.apache.activemq.broker.BrokerService | WrapperSimpleAppMain
2019-08-01 17:23:38,788 | INFO  | For help or more information please see: http://activemq.apache.org | org.apache.activemq.broker.BrokerService | WrapperSimpleAppMain
2019-08-01 17:23:38,792 | WARN  | Store limit is 102400 mb (current store usage is 0 mb). The data directory: F:\activemqjq\kahadb only has 73256 mb of usable space. - resetting to maximum available disk space: 73256 mb | org.apache.activemq.broker.BrokerService | WrapperSimpleAppMain
2019-08-01 17:23:38,842 | INFO  | localhost Shutting down network_a | org.apache.activemq.network.DemandForwardingBridgeSupport | ActiveMQ BrokerService[localhost] Task-4
2019-08-01 17:23:38,862 | INFO  | localhost bridge to Unknown stopped | org.apache.activemq.network.DemandForwardingBridgeSupport | ActiveMQ BrokerService[localhost] Task-4
2019-08-01 17:23:38,867 | INFO  | Connector vm://localhost stopped | org.apache.activemq.broker.TransportConnector | triggerStartAsyncNetworkBridgeCreation: remoteBroker=tcp:///127.0.0.1:61618@53971, localBroker= vm://localhost#0
2019-08-01 17:23:38,869 | WARN  | Transport Connection to: tcp://127.0.0.1:53971 failed: java.io.EOFException | org.apache.activemq.broker.TransportConnection.Transport | ActiveMQ Transport: tcp:///127.0.0.1:53971@61618
2019-08-01 17:23:40,506 | INFO  | No Spring WebApplicationInitializer types detected on classpath | /admin | WrapperSimpleAppMain
2019-08-01 17:23:40,841 | INFO  | ActiveMQ WebConsole available at http://0.0.0.0:8163/ | org.apache.activemq.web.WebConsoleStarter | WrapperSimpleAppMain
2019-08-01 17:23:40,842 | INFO  | ActiveMQ Jolokia REST API available at http://0.0.0.0:8163/api/jolokia/ | org.apache.activemq.web.WebConsoleStarter | WrapperSimpleAppMain
2019-08-01 17:23:41,024 | INFO  | Initializing Spring FrameworkServlet 'dispatcher' | /admin | WrapperSimpleAppMain
2019-08-01 17:23:41,354 | INFO  | No Spring WebApplicationInitializer types detected on classpath | /api | WrapperSimpleAppMain
2019-08-01 17:23:41,862 | INFO  | jolokia-agent: Using policy access restrictor classpath:/jolokia-access.xml | /api | WrapperSimpleAppMain
2019-08-01 17:28:35,216 | INFO  | Refreshing org.apache.activemq.xbean.XBeanBrokerFactory$1@10ad0154: startup date [Thu Aug 01 17:28:35 CST 2019]; root of context hierarchy | org.apache.activemq.xbean.XBeanBrokerFactory$1 | WrapperSimpleAppMain
2019-08-01 17:28:36,780 | INFO  | Using Persistence Adapter: KahaDBPersistenceAdapter[F:\activemqjq\kahadb] | org.apache.activemq.broker.BrokerService | WrapperSimpleAppMain
2019-08-01 17:28:36,802 | INFO  | Database F:\activemqjq\kahadb\lock is locked by another server. This broker is now in slave mode waiting a lock to be acquired | org.apache.activemq.store.SharedFileLocker | WrapperSimpleAppMain
2019-08-01 17:30:36,999 | INFO  | Page File: F:\activemqjq\kahadb\db.data. Recovering pageFile free list due to prior unclean shutdown.. | org.apache.activemq.store.kahadb.disk.page.PageFile | KahaDB Index Free Page Recovery
2019-08-01 17:30:37,006 | INFO  | Page File: F:\activemqjq\kahadb\db.data. Recovered pageFile free list of size: 0 | org.apache.activemq.store.kahadb.disk.page.PageFile | KahaDB Index Free Page Recovery
2019-08-01 17:30:37,009 | INFO  | KahaDB is version 6 | org.apache.activemq.store.kahadb.MessageDatabase | WrapperSimpleAppMain
2019-08-01 17:30:37,052 | INFO  | PListStore:[F:\activemqjq\apache-activemq-5.15.9-c\bin\win64\..\..\data\localhost\tmp_storage] started | org.apache.activemq.store.kahadb.plist.PListStoreImpl | WrapperSimpleAppMain
2019-08-01 17:30:37,243 | INFO  | Apache ActiveMQ 5.15.9 (localhost, ID:whisper-PC-54213-1564651837117-0:1) is starting | org.apache.activemq.broker.BrokerService | WrapperSimpleAppMain
2019-08-01 17:30:37,268 | INFO  | Listening for connections at: tcp://whisper-PC:61618?maximumConnections=1000&wireFormat.maxFrameSize=104857600 | org.apache.activemq.transport.TransportServerThreadSupport | WrapperSimpleAppMain
2019-08-01 17:30:37,270 | INFO  | Connector openwire started | org.apache.activemq.broker.TransportConnector | WrapperSimpleAppMain
2019-08-01 17:30:37,274 | INFO  | Establishing network connection from vm://localhost to tcp://127.0.0.1:61616 | org.apache.activemq.network.DiscoveryNetworkConnector | WrapperSimpleAppMain
2019-08-01 17:30:37,328 | INFO  | Connector vm://localhost started | org.apache.activemq.broker.TransportConnector | WrapperSimpleAppMain
2019-08-01 17:30:37,352 | INFO  | Network Connector DiscoveryNetworkConnector:network_a:BrokerService[localhost] started | org.apache.activemq.network.NetworkConnector | WrapperSimpleAppMain
2019-08-01 17:30:37,354 | INFO  | Apache ActiveMQ 5.15.9 (localhost, ID:whisper-PC-54213-1564651837117-0:1) started | org.apache.activemq.broker.BrokerService | WrapperSimpleAppMain
2019-08-01 17:30:37,356 | INFO  | For help or more information please see: http://activemq.apache.org | org.apache.activemq.broker.BrokerService | WrapperSimpleAppMain
2019-08-01 17:30:37,362 | WARN  | Store limit is 102400 mb (current store usage is 0 mb). The data directory: F:\activemqjq\kahadb only has 73223 mb of usable space. - resetting to maximum available disk space: 73223 mb | org.apache.activemq.broker.BrokerService | WrapperSimpleAppMain
2019-08-01 17:30:37,964 | INFO  | Network connection between vm://localhost#0 and tcp:///127.0.0.1:61616@54214 (localhost) has been established. | org.apache.activemq.network.DemandForwardingBridgeSupport | triggerStartAsyncNetworkBridgeCreation: remoteBroker=tcp:///127.0.0.1:61616@54214, localBroker= vm://localhost#0
2019-08-01 17:30:38,470 | INFO  | No Spring WebApplicationInitializer types detected on classpath | /admin | WrapperSimpleAppMain
2019-08-01 17:30:38,825 | INFO  | ActiveMQ WebConsole available at http://0.0.0.0:8163/ | org.apache.activemq.web.WebConsoleStarter | WrapperSimpleAppMain
2019-08-01 17:30:38,826 | INFO  | ActiveMQ Jolokia REST API available at http://0.0.0.0:8163/api/jolokia/ | org.apache.activemq.web.WebConsoleStarter | WrapperSimpleAppMain
2019-08-01 17:30:38,985 | INFO  | Initializing Spring FrameworkServlet 'dispatcher' | /admin | WrapperSimpleAppMain
2019-08-01 17:30:39,347 | INFO  | No Spring WebApplicationInitializer types detected on classpath | /api | WrapperSimpleAppMain
2019-08-01 17:30:39,720 | INFO  | jolokia-agent: Using policy access restrictor classpath:/jolokia-access.xml | /api | WrapperSimpleAppMain
2019-08-01 17:31:23,134 | WARN  | Transport Connection to: tcp://127.0.0.1:54234 failed: java.net.SocketException: Connection reset | org.apache.activemq.broker.TransportConnection.Transport | ActiveMQ Transport: tcp:///127.0.0.1:54234@61618
2019-08-01 17:31:23,140 | WARN  | Network connection between vm://localhost#0 and tcp:///127.0.0.1:61616@54214 shutdown due to a remote error: {} | org.apache.activemq.network.DemandForwardingBridgeSupport | ActiveMQ Transport: tcp:///127.0.0.1:61616@54214
java.net.SocketException: Connection reset
	at java.net.SocketInputStream.read(Unknown Source)[:1.8.0_181]
	at java.net.SocketInputStream.read(Unknown Source)[:1.8.0_181]
	at org.apache.activemq.transport.tcp.TcpBufferedInputStream.fill(TcpBufferedInputStream.java:50)[activemq-client-5.15.9.jar:5.15.9]
	at org.apache.activemq.transport.tcp.TcpTransport$2.fill(TcpTransport.java:634)[activemq-client-5.15.9.jar:5.15.9]
	at org.apache.activemq.transport.tcp.TcpBufferedInputStream.read(TcpBufferedInputStream.java:59)[activemq-client-5.15.9.jar:5.15.9]
	at org.apache.activemq.transport.tcp.TcpTransport$2.read(TcpTransport.java:619)[activemq-client-5.15.9.jar:5.15.9]
	at java.io.DataInputStream.readInt(Unknown Source)[:1.8.0_181]
	at org.apache.activemq.openwire.OpenWireFormat.unmarshal(OpenWireFormat.java:268)[activemq-client-5.15.9.jar:5.15.9]
	at org.apache.activemq.transport.tcp.TcpTransport.readCommand(TcpTransport.java:240)[activemq-client-5.15.9.jar:5.15.9]
	at org.apache.activemq.transport.tcp.TcpTransport.doRun(TcpTransport.java:232)[activemq-client-5.15.9.jar:5.15.9]
	at org.apache.activemq.transport.tcp.TcpTransport.run(TcpTransport.java:215)[activemq-client-5.15.9.jar:5.15.9]
	at java.lang.Thread.run(Unknown Source)[:1.8.0_181]
2019-08-01 17:31:23,185 | INFO  | Connector vm://localhost stopped | org.apache.activemq.broker.TransportConnector | ActiveMQ BrokerService[localhost] Task-5
2019-08-01 17:31:23,188 | INFO  | localhost bridge to localhost stopped | org.apache.activemq.network.DemandForwardingBridgeSupport | ActiveMQ BrokerService[localhost] Task-5
2019-08-01 17:31:24,162 | INFO  | Establishing network connection from vm://localhost to tcp://127.0.0.1:61616 | org.apache.activemq.network.DiscoveryNetworkConnector | Simple Discovery Agent-1
2019-08-01 17:31:24,164 | INFO  | Connector vm://localhost started | org.apache.activemq.broker.TransportConnector | Simple Discovery Agent-1
